cl : command line warning D9035: option 'Gm' has been deprecated and will be removed in a future release
  MiniVersion.cpp
  automatic link to VERSION.LIB
  GetWinVer.cpp
F:\Archlord\ALReborn\alef\Tools\MatD3DFxTool\XCrashReport\GetWinVer.cpp(72,7): warning C4996: 'GetVersionExW': was declared deprecated
  ExceptionHandler.cpp
F:\Archlord\ALReborn\alef\Tools\MatD3DFxTool\XCrashReport\dbghelp.h(1169,2): warning C4091: 'typedef ': ignored on left of '<unnamed-enum-hdBase>' when no variable is declared
  Scene.cpp
F:\Archlord\ALReborn\alef\Tools\MatD3DFxTool\Scene.cpp(10,10): fatal error C1083: Cannot open include file: 'd3dx9.h': No such file or directory
  mmgr.cpp
F:\Archlord\ALReborn\alef\Tools\MatD3DFxTool\MemoryManager\mmgr.h(41,1): warning C4117: macro name '__FUNCTION__' is reserved, '#define' ignored
F:\Archlord\ALReborn\alef\Tools\MatD3DFxTool\MemoryManager\mmgr.cpp(265,2): warning C4996: 'vsprintf': This function or variable may be unsafe. Consider using vsprintf_s instead. To disable deprecation, use _CRT_SECURE_NO_WARNINGS. See online help for details.
F:\Archlord\ALReborn\alef\Tools\MatD3DFxTool\MemoryManager\mmgr.cpp(270,13): warning C4996: 'fopen': This function or variable may be unsafe. Consider using fopen_s instead. To disable deprecation, use _CRT_SECURE_NO_WARNINGS. See online help for details.
F:\Archlord\ALReborn\alef\Tools\MatD3DFxTool\MemoryManager\mmgr.cpp(290,3): warning C4996: 'unlink': The POSIX name for this item is deprecated. Instead, use the ISO C and C++ conformant name: _unlink. See online help for details.
F:\Archlord\ALReborn\alef\Tools\MatD3DFxTool\MemoryManager\mmgr.cpp(298,70): warning C4996: 'asctime': This function or variable may be unsafe. Consider using asctime_s instead. To disable deprecation, use _CRT_SECURE_NO_WARNINGS. See online help for details.
F:\Archlord\ALReborn\alef\Tools\MatD3DFxTool\MemoryManager\mmgr.cpp(344,2): warning C4996: 'sprintf': This function or variable may be unsafe. Consider using sprintf_s instead. To disable deprecation, use _CRT_SECURE_NO_WARNINGS. See online help for details.
F:\Archlord\ALReborn\alef\Tools\MatD3DFxTool\MemoryManager\mmgr.cpp(355,2): warning C4996: 'sprintf': This function or variable may be unsafe. Consider using sprintf_s instead. To disable deprecation, use _CRT_SECURE_NO_WARNINGS. See online help for details.
F:\Archlord\ALReborn\alef\Tools\MatD3DFxTool\MemoryManager\mmgr.cpp(380,31): warning C4996: 'sprintf': This function or variable may be unsafe. Consider using sprintf_s instead. To disable deprecation, use _CRT_SECURE_NO_WARNINGS. See online help for details.
F:\Archlord\ALReborn\alef\Tools\MatD3DFxTool\MemoryManager\mmgr.cpp(381,25): warning C4996: 'sprintf': This function or variable may be unsafe. Consider using sprintf_s instead. To disable deprecation, use _CRT_SECURE_NO_WARNINGS. See online help for details.
F:\Archlord\ALReborn\alef\Tools\MatD3DFxTool\MemoryManager\mmgr.cpp(382,10): warning C4996: 'sprintf': This function or variable may be unsafe. Consider using sprintf_s instead. To disable deprecation, use _CRT_SECURE_NO_WARNINGS. See online help for details.
F:\Archlord\ALReborn\alef\Tools\MatD3DFxTool\MemoryManager\mmgr.cpp(533,13): warning C4996: 'fopen': This function or variable may be unsafe. Consider using fopen_s instead. To disable deprecation, use _CRT_SECURE_NO_WARNINGS. See online help for details.
F:\Archlord\ALReborn\alef\Tools\MatD3DFxTool\MemoryManager\mmgr.cpp(547,20): warning C4996: 'localtime': This function or variable may be unsafe. Consider using localtime_s instead. To disable deprecation, use _CRT_SECURE_NO_WARNINGS. See online help for details.
F:\Archlord\ALReborn\alef\Tools\MatD3DFxTool\MemoryManager\mmgr.cpp(792,3): error C2065: 'new_handler': undeclared identifier
F:\Archlord\ALReborn\alef\Tools\MatD3DFxTool\MemoryManager\mmgr.cpp(792,15): error C2146: syntax error: missing ';' before identifier 'nh'
F:\Archlord\ALReborn\alef\Tools\MatD3DFxTool\MemoryManager\mmgr.cpp(792,15): error C2065: 'nh': undeclared identifier
F:\Archlord\ALReborn\alef\Tools\MatD3DFxTool\MemoryManager\mmgr.cpp(793,24): error C2065: 'nh': undeclared identifier
F:\Archlord\ALReborn\alef\Tools\MatD3DFxTool\MemoryManager\mmgr.cpp(797,7): error C2065: 'nh': undeclared identifier
F:\Archlord\ALReborn\alef\Tools\MatD3DFxTool\MemoryManager\mmgr.cpp(799,6): error C2065: 'nh': undeclared identifier
F:\Archlord\ALReborn\alef\Tools\MatD3DFxTool\MemoryManager\mmgr.cpp(850,3): error C2065: 'new_handler': undeclared identifier
F:\Archlord\ALReborn\alef\Tools\MatD3DFxTool\MemoryManager\mmgr.cpp(850,15): error C2146: syntax error: missing ';' before identifier 'nh'
F:\Archlord\ALReborn\alef\Tools\MatD3DFxTool\MemoryManager\mmgr.cpp(850,15): error C2065: 'nh': undeclared identifier
F:\Archlord\ALReborn\alef\Tools\MatD3DFxTool\MemoryManager\mmgr.cpp(851,24): error C2065: 'nh': undeclared identifier
F:\Archlord\ALReborn\alef\Tools\MatD3DFxTool\MemoryManager\mmgr.cpp(855,7): error C2065: 'nh': undeclared identifier
F:\Archlord\ALReborn\alef\Tools\MatD3DFxTool\MemoryManager\mmgr.cpp(857,6): error C2065: 'nh': undeclared identifier
F:\Archlord\ALReborn\alef\Tools\MatD3DFxTool\MemoryManager\mmgr.cpp(908,3): error C2065: 'new_handler': undeclared identifier
F:\Archlord\ALReborn\alef\Tools\MatD3DFxTool\MemoryManager\mmgr.cpp(908,15): error C2146: syntax error: missing ';' before identifier 'nh'
F:\Archlord\ALReborn\alef\Tools\MatD3DFxTool\MemoryManager\mmgr.cpp(908,15): error C2065: 'nh': undeclared identifier
F:\Archlord\ALReborn\alef\Tools\MatD3DFxTool\MemoryManager\mmgr.cpp(909,24): error C2065: 'nh': undeclared identifier
F:\Archlord\ALReborn\alef\Tools\MatD3DFxTool\MemoryManager\mmgr.cpp(913,7): error C2065: 'nh': undeclared identifier
F:\Archlord\ALReborn\alef\Tools\MatD3DFxTool\MemoryManager\mmgr.cpp(915,6): error C2065: 'nh': undeclared identifier
F:\Archlord\ALReborn\alef\Tools\MatD3DFxTool\MemoryManager\mmgr.cpp(960,3): error C2065: 'new_handler': undeclared identifier
F:\Archlord\ALReborn\alef\Tools\MatD3DFxTool\MemoryManager\mmgr.cpp(960,15): error C2146: syntax error: missing ';' before identifier 'nh'
F:\Archlord\ALReborn\alef\Tools\MatD3DFxTool\MemoryManager\mmgr.cpp(960,15): error C2065: 'nh': undeclared identifier
F:\Archlord\ALReborn\alef\Tools\MatD3DFxTool\MemoryManager\mmgr.cpp(961,24): error C2065: 'nh': undeclared identifier
F:\Archlord\ALReborn\alef\Tools\MatD3DFxTool\MemoryManager\mmgr.cpp(965,7): error C2065: 'nh': undeclared identifier
F:\Archlord\ALReborn\alef\Tools\MatD3DFxTool\MemoryManager\mmgr.cpp(967,6): error C2065: 'nh': undeclared identifier
F:\Archlord\ALReborn\alef\Tools\MatD3DFxTool\MemoryManager\mmgr.cpp(1124,19): warning C4996: 'strncpy': This function or variable may be unsafe. Consider using strncpy_s instead. To disable deprecation, use _CRT_SECURE_NO_WARNINGS. See online help for details.
F:\Archlord\ALReborn\alef\Tools\MatD3DFxTool\MemoryManager\mmgr.cpp(1125,9): warning C4996: 'strcpy': This function or variable may be unsafe. Consider using strcpy_s instead. To disable deprecation, use _CRT_SECURE_NO_WARNINGS. See online help for details.
F:\Archlord\ALReborn\alef\Tools\MatD3DFxTool\MemoryManager\mmgr.cpp(1126,19): warning C4996: 'strncpy': This function or variable may be unsafe. Consider using strncpy_s instead. To disable deprecation, use _CRT_SECURE_NO_WARNINGS. See online help for details.
F:\Archlord\ALReborn\alef\Tools\MatD3DFxTool\MemoryManager\mmgr.cpp(1127,9): warning C4996: 'strcpy': This function or variable may be unsafe. Consider using strcpy_s instead. To disable deprecation, use _CRT_SECURE_NO_WARNINGS. See online help for details.
F:\Archlord\ALReborn\alef\Tools\MatD3DFxTool\MemoryManager\mmgr.cpp(1321,19): warning C4996: 'strncpy': This function or variable may be unsafe. Consider using strncpy_s instead. To disable deprecation, use _CRT_SECURE_NO_WARNINGS. See online help for details.
F:\Archlord\ALReborn\alef\Tools\MatD3DFxTool\MemoryManager\mmgr.cpp(1322,9): warning C4996: 'strcpy': This function or variable may be unsafe. Consider using strcpy_s instead. To disable deprecation, use _CRT_SECURE_NO_WARNINGS. See online help for details.
F:\Archlord\ALReborn\alef\Tools\MatD3DFxTool\MemoryManager\mmgr.cpp(1323,19): warning C4996: 'strncpy': This function or variable may be unsafe. Consider using strncpy_s instead. To disable deprecation, use _CRT_SECURE_NO_WARNINGS. See online help for details.
F:\Archlord\ALReborn\alef\Tools\MatD3DFxTool\MemoryManager\mmgr.cpp(1324,9): warning C4996: 'strcpy': This function or variable may be unsafe. Consider using strcpy_s instead. To disable deprecation, use _CRT_SECURE_NO_WARNINGS. See online help for details.
F:\Archlord\ALReborn\alef\Tools\MatD3DFxTool\MemoryManager\mmgr.cpp(1684,22): warning C4996: 'fopen': This function or variable may be unsafe. Consider using fopen_s instead. To disable deprecation, use _CRT_SECURE_NO_WARNINGS. See online help for details.
F:\Archlord\ALReborn\alef\Tools\MatD3DFxTool\MemoryManager\mmgr.cpp(1685,13): warning C4996: 'fopen': This function or variable may be unsafe. Consider using fopen_s instead. To disable deprecation, use _CRT_SECURE_NO_WARNINGS. See online help for details.
F:\Archlord\ALReborn\alef\Tools\MatD3DFxTool\MemoryManager\mmgr.cpp(1697,27): warning C4996: 'localtime': This function or variable may be unsafe. Consider using localtime_s instead. To disable deprecation, use _CRT_SECURE_NO_WARNINGS. See online help for details.
  MatD3DFxTool.cpp
F:\Archlord\ALReborn\alef\Tools\MatD3DFxTool\MatD3DFxTool.cpp(7,10): fatal error C1083: Cannot open include file: 'd3dx9.h': No such file or directory
  FXUI.cpp
F:\Archlord\ALReborn\alef\Tools\MatD3DFxTool\FXUI.cpp(6,10): fatal error C1083: Cannot open include file: 'rpcollis.h': No such file or directory
  DXUTmisc.cpp
F:\Archlord\ALReborn\alef\Tools\MatD3DFxTool\DXUTgui\DXUTmisc.h(13,10): fatal error C1083: Cannot open include file: 'd3dx9.h': No such file or directory
  DXUTgui.cpp
F:\Archlord\ALReborn\alef\Tools\MatD3DFxTool\DXUTgui\DXUTgui.h(16,10): fatal error C1083: Cannot open include file: 'd3dx9.h': No such file or directory
  Control.cpp
F:\Archlord\ALReborn\alef\Tools\MatD3DFxTool\Control.cpp(2,10): fatal error C1083: Cannot open include file: 'rwcore.h': No such file or directory
  Generating Code...
