  헤더 파일들을 복사합니다...
  ..\..\Modules\APublic\AgpmAdmin\AgpdAdmin.h
  ..\..\Modules\APublic\AgpmAdmin\AgpmAdmin.h
  ..\..\Modules\APublic\AgpmAdmin\AgppAdmin.h
          3 file(s) copied.
  ..\..\Modules\APublic\AgpmAI\AgpaAI.h
  ..\..\Modules\APublic\AgpmAI\AgpdAI.h
  ..\..\Modules\APublic\AgpmAI\AgpmAI.h
          3 file(s) copied.
  ..\..\Modules\APublic\AgpmAI2\AgpaAI2.h
  ..\..\Modules\APublic\AgpmAI2\AgpdAI2.h
  ..\..\Modules\APublic\AgpmAI2\AgpmAI2.h
          3 file(s) copied.
  ..\..\Modules\APublic\AgpmArchlord\AgpmArchlord.h
          1 file(s) copied.
  ..\..\Modules\APublic\AgpmAreaChatting\AgpmAreaChatting.h
          1 file(s) copied.
  ..\..\Modules\APublic\AgpmAuction\AgpaAuction.h
  ..\..\Modules\APublic\AgpmAuction\AgpdAuction.h
  ..\..\Modules\APublic\AgpmAuction\AgpmAuction.h
          3 file(s) copied.
  ..\..\Modules\APublic\AgpmAuctionCategory\AgpmAuctionCategory.h
          1 file(s) copied.
  ..\..\Modules\APublic\AgpmBattleGround\AgpmBattleGround.h
  ..\..\Modules\APublic\AgpmBattleGround\AgppBattleGround.h
          2 file(s) copied.
  ..\..\Modules\APublic\AgpmBillInfo\AgpdBillInfo.h
  ..\..\Modules\APublic\AgpmBillInfo\AgpmBillInfo.h
  ..\..\Modules\APublic\AgpmBillInfo\AgppBillInfo.h
          3 file(s) copied.
  ..\..\Modules\APublic\AgpmBuddy\AgpdBuddy.h
  ..\..\Modules\APublic\AgpmBuddy\AgpmBuddy.h
          2 file(s) copied.
  ..\..\Modules\APublic\AgpmCashMall\AgpdCashMall.h
  ..\..\Modules\APublic\AgpmCashMall\AgpmCashMall.h
  ..\..\Modules\APublic\AgpmCashMall\AgppCashMall.h
          3 file(s) copied.
  ..\..\Modules\APublic\AgpmCasper\AgpmCasper.h
          1 file(s) copied.
  ..\..\Modules\APublic\AgpmCastle\AgpmCastle.h
          1 file(s) copied.
  ..\..\Modules\APublic\AgpmChannel\AgpaChannel.h
  ..\..\Modules\APublic\AgpmChannel\AgpdChannel.h
  ..\..\Modules\APublic\AgpmChannel\AgpmChannel.h
          3 file(s) copied.
  ..\..\Modules\APublic\AgpmCharacter\AgpaCharacter.h
  ..\..\Modules\APublic\AgpmCharacter\AgpaCharacterTemplate.h
  ..\..\Modules\APublic\AgpmCharacter\AgpdCharacter.h
  ..\..\Modules\APublic\AgpmCharacter\AgpdCharacterImportData.h
  ..\..\Modules\APublic\AgpmCharacter\AgpmCharacter.h
  ..\..\Modules\APublic\AgpmCharacter\AgppCharacter.h
  ..\..\Modules\APublic\AgpmCharacter\ApAutoLockCharacter.h
          7 file(s) copied.
  ..\..\Modules\APublic\AgpmChatting\AgpdChatting.h
  ..\..\Modules\APublic\AgpmChatting\AgpmChatting.h
          2 file(s) copied.
  ..\..\Modules\APublic\AgpmCombat\AgpmCombat.h
          1 file(s) copied.
  ..\..\Modules\APublic\AgpmConfig\AgpmConfig.h
          1 file(s) copied.
  ..\..\Modules\APublic\AgpmDropItem\AgpaDropItem.h
  ..\..\Modules\APublic\AgpmDropItem\AgpdDropItem.h
  ..\..\Modules\APublic\AgpmDropItem\AgpmDropItem.h
          3 file(s) copied.
  ..\..\Modules\APublic\AgpmDropItem2\AgpdDropItem2.h
  ..\..\Modules\APublic\AgpmDropItem2\AgpmDropItem2.h
          2 file(s) copied.
  ..\..\Modules\APublic\AgpmEpicZone\AgpmEpicZone.h
          1 file(s) copied.
  ..\..\Modules\APublic\AgpmEventBank\AgpmEventBank.h
          1 file(s) copied.
  ..\..\Modules\APublic\AgpmEventBinding\AgpaEventBinding.h
  ..\..\Modules\APublic\AgpmEventBinding\AgpdEventBinding.h
  ..\..\Modules\APublic\AgpmEventBinding\AgpmEventBinding.h
          3 file(s) copied.
  ..\..\Modules\APublic\AgpmEventCharCustomize\AgpmEventCharCustomize.h
          1 file(s) copied.
  ..\..\Modules\APublic\AgpmEventCook\AgpmEventCook.h
          1 file(s) copied.
  ..\..\Modules\APublic\AgpmEventFactors\AgpmEventFactors.h
          1 file(s) copied.
  ..\..\Modules\APublic\AgpmEventGacha\AgpdEventGacha.h
  ..\..\Modules\APublic\AgpmEventGacha\AgpmEventGacha.h
          2 file(s) copied.
  ..\..\Modules\APublic\AgpmEventGuild\AgpmEventGuild.h
          1 file(s) copied.
  ..\..\Modules\APublic\AgpmEventItemConvert\AgpmEventItemConvert.h
          1 file(s) copied.
  ..\..\Modules\APublic\AgpmEventItemRepair\AgpmEventItemRepair.h
          1 file(s) copied.
  ..\..\Modules\APublic\AgpmEventNature\AgpdEventNature.h
  ..\..\Modules\APublic\AgpmEventNature\AgpmEventNature.h
          2 file(s) copied.
  ..\..\Modules\APublic\AgpmEventNPCDialog\AgpdEventNPCDialog.h
  ..\..\Modules\APublic\AgpmEventNPCDialog\AgpmEventNPCDialog.h
  ..\..\Modules\APublic\AgpmEventNPCDialog\AgppEventNPCDialog.h
          3 file(s) copied.
  ..\..\Modules\APublic\AgpmEventNPCTrade\AgpdEventNPCTrade.h
  ..\..\Modules\APublic\AgpmEventNPCTrade\AgpmEventNPCTrade.h
          2 file(s) copied.
  ..\..\Modules\APublic\AgpmEventPointLight\AgpmEventPointLight.h
          1 file(s) copied.
  ..\..\Modules\APublic\AgpmEventProduct\AgpmEventProduct.h
          1 file(s) copied.
  ..\..\Modules\APublic\AgpmEventQuest\AgpmEventQuest.h
          1 file(s) copied.
  ..\..\Modules\APublic\AgpmEventRefinery\AgpmEventRefinery.h
          1 file(s) copied.
  ..\..\Modules\APublic\AgpmEventSiegeWarNPC\AgpmEventSiegeWarNPC.h
          1 file(s) copied.
  ..\..\Modules\APublic\AgpmEventSkillMaster\AgpdEventSkillMaster.h
  ..\..\Modules\APublic\AgpmEventSkillMaster\AgpmEventSkillMaster.h
  ..\..\Modules\APublic\AgpmEventSkillMaster\AgpmEventSkillMasterEvolution.h
          3 file(s) copied.
  ..\..\Modules\APublic\AgpmEventSpawn\AgpaSpawnGroup.h
  ..\..\Modules\APublic\AgpmEventSpawn\AgpdEventSpawn.h
  ..\..\Modules\APublic\AgpmEventSpawn\AgpmEventSpawn.h
          3 file(s) copied.
  ..\..\Modules\APublic\AgpmEventTeleport\AgpdEventTeleport.h
  ..\..\Modules\APublic\AgpmEventTeleport\AgpmEventTeleport.h
          2 file(s) copied.
  ..\..\Modules\APublic\AgpmEventUvUReward\AgpdEventUvUReward.h
  ..\..\Modules\APublic\AgpmEventUvUReward\AgpmEventUvUReward.h
          2 file(s) copied.
  ..\..\Modules\APublic\AgpmFactors\AgpdFactors.h
  ..\..\Modules\APublic\AgpmFactors\AgpmFactors.h
          2 file(s) copied.
  ..\..\Modules\APublic\AgpmGamble\AgpdGamble.h
  ..\..\Modules\APublic\AgpmGamble\AgpmGamble.h
          2 file(s) copied.
  ..\..\Modules\APublic\AgpmGrid\AgpdGrid.h
  ..\..\Modules\APublic\AgpmGrid\AgpmGrid.h
          2 file(s) copied.
  ..\..\Modules\APublic\AgpmGuild\AgpaGuild.h
  ..\..\Modules\APublic\AgpmGuild\AgpdGuild.h
  ..\..\Modules\APublic\AgpmGuild\AgpmGuild.h
  ..\..\Modules\APublic\AgpmGuild\AgppGuild.h
          4 file(s) copied.
  ..\..\Modules\APublic\AgpmGuildWarehouse\AgpdGuildWarehouse.h
  ..\..\Modules\APublic\AgpmGuildWarehouse\AgpmGuildWarehouse.h
          2 file(s) copied.
  ..\..\Modules\APublic\AgpmItem\AgpaItem.h
  ..\..\Modules\APublic\AgpmItem\AgpdItem.h
  ..\..\Modules\APublic\AgpmItem\AgpdItemImportData.h
  ..\..\Modules\APublic\AgpmItem\AgpdItemOptionTemplate.h
  ..\..\Modules\APublic\AgpmItem\AgpdItemTemplate.h
  ..\..\Modules\APublic\AgpmItem\AgpmItem.h
  ..\..\Modules\APublic\AgpmItem\AgpmItemGrid.h
  ..\..\Modules\APublic\AgpmItem\AgppItem.h
  ..\..\Modules\APublic\AgpmItem\ApdItem.h
  ..\..\Modules\APublic\AgpmItem\ApdItemTemplate.h
         10 file(s) copied.
  ..\..\Modules\APublic\AgpmItemConvert\AgpdItemConvert.h
  ..\..\Modules\APublic\AgpmItemConvert\AgpmItemConvert.h
  ..\..\Modules\APublic\AgpmItemConvert\AgpmItemConvertStream.h
          3 file(s) copied.
  ..\..\Modules\APublic\AgpmLog\AgpdLog.h
  ..\..\Modules\APublic\AgpmLog\AgpmLog.h
          2 file(s) copied.
  ..\..\Modules\APublic\AgpmLogin\AgpmLogin.h
          1 file(s) copied.
  ..\..\Modules\APublic\AgpmMailBox\AgpaMailBox.h
  ..\..\Modules\APublic\AgpmMailBox\AgpdMailBox.h
  ..\..\Modules\APublic\AgpmMailBox\AgpmMailBox.h
          3 file(s) copied.
  ..\..\Modules\APublic\AgpmMonsterPath\AgpdMonsterPath.h
  ..\..\Modules\APublic\AgpmMonsterPath\AgpmMonsterPath.h
          2 file(s) copied.
  ..\..\Modules\APublic\AgpmNatureEffect\AgpmNatureEffect.h
          1 file(s) copied.
  ..\..\Modules\APublic\AgpmOptimizedPacket2\AgpmOptimizedPacket2.h
          1 file(s) copied.
  ..\..\Modules\APublic\AgpmParty\AgpaParty.h
  ..\..\Modules\APublic\AgpmParty\AgpdParty.h
  ..\..\Modules\APublic\AgpmParty\AgpmParty.h
          3 file(s) copied.
  ..\..\Modules\APublic\AgpmPathFind\AgpdPathFind.h
  ..\..\Modules\APublic\AgpmPathFind\AgpmPathFind.h
  ..\..\Modules\APublic\AgpmPathFind\SpecializeListPathFind.h
          3 file(s) copied.
  ..\..\Modules\APublic\AgpmProduct\AgpaProduct.h
  ..\..\Modules\APublic\AgpmProduct\AgpdProduct.h
  ..\..\Modules\APublic\AgpmProduct\AgpmProduct.h
          3 file(s) copied.
  ..\..\Modules\APublic\AgpmPvP\AgpdPvP.h
  ..\..\Modules\APublic\AgpmPvP\AgpmPvP.h
          2 file(s) copied.
  ..\..\Modules\APublic\AgpmQuest\AgpaQuestGroup.h
  ..\..\Modules\APublic\AgpmQuest\AgpaQuestTemplate.h
  ..\..\Modules\APublic\AgpmQuest\AgpdQuest.h
  ..\..\Modules\APublic\AgpmQuest\AgpdQuestFlag.h
  ..\..\Modules\APublic\AgpmQuest\AgpdQuestTemplate.h
  ..\..\Modules\APublic\AgpmQuest\AgpmQuest.h
  ..\..\Modules\APublic\AgpmQuest\AgpmQuestStringTable.h
          7 file(s) copied.
  ..\..\Modules\APublic\AgpmRecruit\AgpmRecruit.h
          1 file(s) copied.
  ..\..\Modules\APublic\AgpmRefinery\AgpaRefinery.h
  ..\..\Modules\APublic\AgpmRefinery\AgpdRefinery.h
  ..\..\Modules\APublic\AgpmRefinery\AgpmRefinery.h
          3 file(s) copied.
  ..\..\Modules\APublic\AgpmRemission\AgpmRemission.h
          1 file(s) copied.
  ..\..\Modules\APublic\AgpmResourceInfo\AgpmResourceInfo.h
          1 file(s) copied.
  ..\..\Modules\APublic\AgpmReturnToLogin\AgpmReturnToLogin.h
          1 file(s) copied.
  ..\..\Modules\APublic\AgpmRide\AgpmRide.h
          1 file(s) copied.
  ..\..\Modules\APublic\AgpmScript\AgpmScript.h
          1 file(s) copied.
  ..\..\Modules\APublic\AgpmSearch\AgpdSearch.h
  ..\..\Modules\APublic\AgpmSearch\AgpmSearch.h
          2 file(s) copied.
  ..\..\Modules\APublic\AgpmShrine\AgpaShrine.h
  ..\..\Modules\APublic\AgpmShrine\AgpaShrineTemplate.h
  ..\..\Modules\APublic\AgpmShrine\AgpdShrine.h
  ..\..\Modules\APublic\AgpmShrine\AgpmShrine.h
          4 file(s) copied.
  ..\..\Modules\APublic\AgpmSiegeWar\AgpdSiegeWar.h
  ..\..\Modules\APublic\AgpmSiegeWar\AgpmSiegeWar.h
          2 file(s) copied.
  ..\..\Modules\APublic\AgpmSkill\AgpaSkill.h
  ..\..\Modules\APublic\AgpmSkill\AgpaSkillProductTemplate.h
  ..\..\Modules\APublic\AgpmSkill\AgpaSkillSpecializeTemplate.h
  ..\..\Modules\APublic\AgpmSkill\AgpaSkillTemplate.h
  ..\..\Modules\APublic\AgpmSkill\AgpaSkillTooltipTemplate.h
  ..\..\Modules\APublic\AgpmSkill\AgpdSkill.h
  ..\..\Modules\APublic\AgpmSkill\AgpdSkillImportData.h
  ..\..\Modules\APublic\AgpmSkill\AgpdSkillProduct.h
  ..\..\Modules\APublic\AgpmSkill\AgpmSkill.h
          9 file(s) copied.
  ..\..\Modules\APublic\AgpmStartupEncryption\AgpmStartupEncryption.h
          1 file(s) copied.
  ..\..\Modules\APublic\AgpmSummons\AgpdSummons.h
  ..\..\Modules\APublic\AgpmSummons\AgpmSummons.h
          2 file(s) copied.
  ..\..\Modules\APublic\AgpmSystemMessage\AgpdSystemMessage.h
  ..\..\Modules\APublic\AgpmSystemMessage\AgpmSystemMessage.h
          2 file(s) copied.
  ..\..\Modules\APublic\AgpmTax\AgpdTax.h
  ..\..\Modules\APublic\AgpmTax\AgpmTax.h
          2 file(s) copied.
  ..\..\Modules\APublic\AgpmTimer\AgpdTimer.h
  ..\..\Modules\APublic\AgpmTimer\AgpmTimer.h
          2 file(s) copied.
  ..\..\Modules\APublic\AgpmTitle\AgpaTitle.h
  ..\..\Modules\APublic\AgpmTitle\AgpdTitle.h
  ..\..\Modules\APublic\AgpmTitle\AgpdTitleQuest.h
  ..\..\Modules\APublic\AgpmTitle\AgpdTitleTemplate.h
  ..\..\Modules\APublic\AgpmTitle\AgpmTitle.h
  ..\..\Modules\APublic\AgpmTitle\agppTitle.h
          6 file(s) copied.
  ..\..\Modules\APublic\AgpmTransform\AgpmTransform.h
          1 file(s) copied.
  ..\..\Modules\APublic\AgpmUIStatus\AgpdUIStatus.h
  ..\..\Modules\APublic\AgpmUIStatus\AgpmUIStatus.h
          2 file(s) copied.
  ..\..\Modules\APublic\AgpmUnion\AgpmUnion.h
          1 file(s) copied.
  ..\..\Modules\APublic\AgpmWantedCriminal\AgpdWantedCriminal.h
  ..\..\Modules\APublic\AgpmWantedCriminal\AgpmWantedCriminal.h
          2 file(s) copied.
  ..\..\Modules\APublic\AgpmWorld\AgpmWorld.h
          1 file(s) copied.
  ..\..\Modules\APublic\ApAdmin\ApAdmin.h
  ..\..\Modules\APublic\ApAdmin\ApArray.h
  ..\..\Modules\APublic\ApAdmin\ApSet.h
  ..\..\Modules\APublic\ApAdmin\ApSort.h
          4 file(s) copied.
  ..\..\Modules\APublic\ApBase\ApBase.h
  ..\..\Modules\APublic\ApBase\ApDefine.h
  ..\..\Modules\APublic\ApBase\ApLockManager.h
  ..\..\Modules\APublic\ApBase\ApMemoryChecker.h
  ..\..\Modules\APublic\ApBase\ApMutualEx.h
  ..\..\Modules\APublic\ApBase\ApRWLock.h
  ..\..\Modules\APublic\ApBase\ApSafeArray.h
  ..\..\Modules\APublic\ApBase\ApString.h
  ..\..\Modules\APublic\ApBase\ApUtil.h
  ..\..\Modules\APublic\ApBase\ApVector.h
  ..\..\Modules\APublic\ApBase\AuEzSTL.h
  ..\..\Modules\APublic\ApBase\CSLog.h
  ..\..\Modules\APublic\ApBase\MagDebug.h
  ..\..\Modules\APublic\ApBase\NoMemoryChecker.h
         14 file(s) copied.
  ..\..\Modules\APublic\ApIOCPDispatcher\ApIOCP.h
  ..\..\Modules\APublic\ApIOCPDispatcher\ApIOCPDispatcher.h
          2 file(s) copied.
  ..\..\Modules\APublic\ApMemory\ApHeap.h
  ..\..\Modules\APublic\ApMemory\ApMemory.h
  ..\..\Modules\APublic\ApMemory\ApMemoryAllocator.h
  ..\..\Modules\APublic\ApMemory\ApMemoryManager.h
  ..\..\Modules\APublic\ApMemory\ApMemoryPool.h
  ..\..\Modules\APublic\ApMemory\AuSharedMemory.h
          6 file(s) copied.
  ..\..\Modules\APublic\ApMemoryTracker\ApCRTHeader.h
  ..\..\Modules\APublic\ApMemoryTracker\ApMemoryTracker.h
          2 file(s) copied.
  ..\..\Modules\APublic\ApmEventManager\ApaEvent.h
  ..\..\Modules\APublic\ApmEventManager\ApdEvent.h
  ..\..\Modules\APublic\ApmEventManager\ApmEventManager.h
          3 file(s) copied.
  ..\..\Modules\APublic\ApmEventManagerDlg\ApmEventConditionDlg.h
  ..\..\Modules\APublic\ApmEventManagerDlg\ApmEventListDlg.h
  ..\..\Modules\APublic\ApmEventManagerDlg\ApmEventManagerDlg.h
  ..\..\Modules\APublic\ApmEventManagerDlg\resource.h
  ..\..\Modules\APublic\ApmEventManagerDlg\StdAfx.h
          5 file(s) copied.
  ..\..\Modules\APublic\ApmFactors\ApmFactors.h
          1 file(s) copied.
  ..\..\Modules\APublic\ApmMap\ApMapBlocking.h
  ..\..\Modules\APublic\ApmMap\ApmMap.h
  ..\..\Modules\APublic\ApmMap\ApWorldSector.h
  ..\..\Modules\APublic\ApmMap\AuOTree.h
  ..\..\Modules\APublic\ApmMap\MagPackManager.h
  ..\..\Modules\APublic\ApmMap\MagUnpackManager.h
          6 file(s) copied.
  ..\..\Modules\APublic\ApmObject\ApdObject.h
  ..\..\Modules\APublic\ApmObject\ApmObject.h
          2 file(s) copied.
  ..\..\Modules\APublic\ApmOcTree\ApmOcTree.h
          1 file(s) copied.
  ..\..\Modules\APublic\ApModule\ApModule.h
  ..\..\Modules\APublic\ApModule\ApModuleDBStream.h
  ..\..\Modules\APublic\ApModule\ApModuleManager.h
  ..\..\Modules\APublic\ApModule\ApModuleStream.h
          4 file(s) copied.
  ..\..\Modules\APublic\ApmProfiler\ApmProfiler.h
  ..\..\Modules\APublic\ApmProfiler\resource.h
  ..\..\Modules\APublic\ApmProfiler\StdAfx.h
          3 file(s) copied.
  ..\..\Modules\APublic\ApServerMonitor\ApServerMonitor.h
  ..\..\Modules\APublic\ApServerMonitor\ApServerMonitorPacket.h
          2 file(s) copied.
  ..\..\Modules\APublic\ApSingleton\SingleTon.h
          1 file(s) copied.
  ..\..\Modules\AUtility\AuBplusTree\AuBplusTree.h
  ..\..\Modules\AUtility\AuBplusTree\BinTree.h
  ..\..\Modules\AUtility\AuBplusTree\IntIntTree.h
  ..\..\Modules\AUtility\AuBplusTree\StringIntTree.h
          4 file(s) copied.
  ..\..\Modules\AUtility\AuConsole\AuConsole.h
          1 file(s) copied.
  ..\..\Modules\AUtility\AuCrypt\AuCrypt.h
  ..\..\Modules\AUtility\AuCrypt\AuCryptManager.h
          2 file(s) copied.
  ..\..\Modules\AUtility\AuCryptAlgorithm\AuCryptAlgorithm.h
  ..\..\Modules\AUtility\AuCryptAlgorithm\AuCryptAlgorithmBase.h
          2 file(s) copied.
  ..\..\Modules\AUtility\AuDatabase\auDatabase.h
  ..\..\Modules\AUtility\AuDatabase\AuDatabaseOCI.h
  ..\..\Modules\AUtility\AuDatabase\auDatabaseODBC.h
  ..\..\Modules\AUtility\AuDatabase\auDatabaseOLEDB.h
          4 file(s) copied.
  ..\..\Modules\AUtility\AuDatabase2\AuDatabase2.h
          1 file(s) copied.
  ..\..\Modules\AUtility\AuEtcUtil\MemMappedFile.h
  ..\..\Modules\AUtility\AuEtcUtil\StrUtil.h
          2 file(s) copied.
  ..\..\Modules\AUtility\AuExcelLib\AuExcel9.h
  ..\..\Modules\AUtility\AuExcelLib\AuExcelLib.h
  ..\..\Modules\AUtility\AuExcelLib\StdAfx.h
          3 file(s) copied.
  ..\..\Modules\AUtility\AuExcelTxtLib\AuExcelBinaryLib.h
  ..\..\Modules\AUtility\AuExcelTxtLib\AuExcelTxtLib.h
          2 file(s) copied.
  ..\..\Modules\AUtility\AuFileFind\AuFileFind.h
          1 file(s) copied.
  ..\..\Modules\AUtility\AuGameEnv\AuGameEnv.h
          1 file(s) copied.
  ..\..\Modules\AUtility\AuGameGuard\AuGameGuard.h
  ..\..\Modules\AUtility\AuGameGuard\AuNPGameLib.h
          2 file(s) copied.
  ..\..\Modules\AUtility\AuGenerateID\AuGenerateID.h
          1 file(s) copied.
  ..\..\Modules\AUtility\AuIgnoringHelper\AuIgnoringHelper.h
          1 file(s) copied.
  ..\..\Modules\AUtility\AuIniFile\AuIniFile.h
          1 file(s) copied.
  ..\..\Modules\AUtility\AuIniManager\AuIniManager.h
          1 file(s) copied.
  ..\..\Modules\AUtility\AuIPBlockingManager\AuIPBlockingManager.h
          1 file(s) copied.
  ..\..\Modules\AUtility\AuJapan\AuGameInfoJpn.h
  ..\..\Modules\AUtility\AuJapan\AuJapaneseClientAuth.h
  ..\..\Modules\AUtility\AuJapan\HanAuthForClient.h
  ..\..\Modules\AUtility\AuJapan\HanBillingForSvr.h
  ..\..\Modules\AUtility\AuJapan\HanGameInfoForClient.h
  ..\..\Modules\AUtility\AuJapan\HanReportForClient.h
          6 file(s) copied.
  ..\..\Modules\AUtility\AuKbHook\AuKbHook.h
          1 file(s) copied.
  ..\..\Modules\AUtility\AuLocalize\AuRegionNameConvert.h
  ..\..\Modules\AUtility\AuLocalize\AuTranslateRegionName.h
          2 file(s) copied.
  ..\..\Modules\AUtility\AuLua\AuLua.h
          1 file(s) copied.
  ..\..\Modules\AUtility\AuMailClient\AuMailClient.h
  ..\..\Modules\AUtility\AuMailClient\Base64.h
  ..\..\Modules\AUtility\AuMailClient\resource.h
  ..\..\Modules\AUtility\AuMailClient\Smtp.h
  ..\..\Modules\AUtility\AuMailClient\StdAfx.h
          5 file(s) copied.
  ..\..\Modules\AUtility\AuMath\AuMath.h
  ..\..\Modules\AUtility\AuMath\AuMathEx.h
          2 file(s) copied.
  ..\..\Modules\AUtility\AuMD5EnCrypt\AuMD5Encrypt.h
          1 file(s) copied.
  ..\..\Modules\AUtility\AuPacket\AuCircularBuffer.h
  ..\..\Modules\AUtility\AuPacket\AuMiniLZO.h
  ..\..\Modules\AUtility\AuPacket\AuPacket.h
  ..\..\Modules\AUtility\AuPacket\AuType.h
  ..\..\Modules\AUtility\AuPacket\lzoconf.h
  ..\..\Modules\AUtility\AuPacket\lzodefs.h
  ..\..\Modules\AUtility\AuPacket\minilzo.h
          7 file(s) copied.
  ..\..\Modules\AUtility\AuPackingManager\AuPackingManager.h
          1 file(s) copied.
  ..\..\Modules\AUtility\AuPatchCheckCode\AuPatchCheckCode.h
          1 file(s) copied.
  ..\..\Modules\AUtility\AuProcessManager\AuProcessManager.h
  ..\..\Modules\AUtility\AuProcessManager\AuSingleProcessChecker.h
          2 file(s) copied.
  ..\..\Modules\AUtility\AuProfileManager\AuProfileManager.h
          1 file(s) copied.
  ..\..\Modules\AUtility\AuRandomNumberGenerator\AuRandomNumber.h
          1 file(s) copied.
  ..\..\Modules\AUtility\AuRegistry\AuRegistry.h
          1 file(s) copied.
  ..\..\Modules\AUtility\AuResourceKeeper\AuHistoryDlg.h
  ..\..\Modules\AUtility\AuResourceKeeper\AuLoginDlg.h
  ..\..\Modules\AUtility\AuResourceKeeper\AuResourceKeeper.h
  ..\..\Modules\AUtility\AuResourceKeeper\AuRKMainDlg.h
  ..\..\Modules\AUtility\AuResourceKeeper\AuRKSingleton.h
  ..\..\Modules\AUtility\AuResourceKeeper\AuRK_API.h
  ..\..\Modules\AUtility\AuResourceKeeper\AuSelectDlg.h
  ..\..\Modules\AUtility\AuResourceKeeper\AuUsersDlg.h
  ..\..\Modules\AUtility\AuResourceKeeper\FolderDlg.h
  ..\..\Modules\AUtility\AuResourceKeeper\Md5.h
  ..\..\Modules\AUtility\AuResourceKeeper\MenuChecker.h
  ..\..\Modules\AUtility\AuResourceKeeper\ProgressBar.h
  ..\..\Modules\AUtility\AuResourceKeeper\ProgressDlg.h
  ..\..\Modules\AUtility\AuResourceKeeper\resource.h
  ..\..\Modules\AUtility\AuResourceKeeper\RKDefine.h
  ..\..\Modules\AUtility\AuResourceKeeper\RKEntryManager.h
  ..\..\Modules\AUtility\AuResourceKeeper\RKInclude.h
  ..\..\Modules\AUtility\AuResourceKeeper\RKParser.h
  ..\..\Modules\AUtility\AuResourceKeeper\RKRepository.h
  ..\..\Modules\AUtility\AuResourceKeeper\RKUserManager.h
  ..\..\Modules\AUtility\AuResourceKeeper\RKWriter.h
  ..\..\Modules\AUtility\AuResourceKeeper\StdAfx.h
         22 file(s) copied.
  ..\..\Modules\AUtility\AuScriptEngine\AuAngelScriptEngine.h
  ..\..\Modules\AUtility\AuScriptEngine\AuScriptEngine.h
  ..\..\Modules\AUtility\AuScriptEngine\stdstring.h
  ..\..\Modules\AUtility\AuScriptEngine\stdvector.h
          4 file(s) copied.
  ..\..\Modules\AUtility\AuSendDebugInfo\AuSendDebugInfo.h
          1 file(s) copied.
  ..\..\Modules\AUtility\AuService\AuService.h
          1 file(s) copied.
  ..\..\Modules\AUtility\AuStringConv\AuStringConv.h
          1 file(s) copied.
  ..\..\Modules\AUtility\AuStrTable\AuStrTable.h
          1 file(s) copied.
  ..\..\Modules\AUtility\AuThread\AuThread.h
          1 file(s) copied.
  ..\..\Modules\AUtility\AuTickCounter\AuTickCounter.h
          1 file(s) copied.
  ..\..\Modules\AUtility\AuTimeStamp\AuTimeStamp.h
          1 file(s) copied.
  ..\..\Modules\AUtility\AuXCrashReport\CrashFileNames.h
  ..\..\Modules\AUtility\AuXCrashReport\dbghelp.h
  ..\..\Modules\AUtility\AuXCrashReport\ExceptionHandler.h
  ..\..\Modules\AUtility\AuXCrashReport\GetWinVer.h
  ..\..\Modules\AUtility\AuXCrashReport\MiniVersion.h
  ..\..\Modules\AUtility\AuXCrashReport\StackWalker.h
          6 file(s) copied.
  ..\..\Modules\AUtility\AuXmlParser\AuXmlParser.h
          1 file(s) copied.
  ..\..\Modules\AUtility\AuCryptAlgorithm\AuBlowFish\AuBlowFish.h
          1 file(s) copied.
  ..\..\Modules\AUtility\AuCryptAlgorithm\AuMD5Mac\AuMD5Mac.h
          1 file(s) copied.
  ..\..\Modules\AUtility\AuCryptAlgorithm\AuRijnDael\AuRijnDael.h
          1 file(s) copied.
  ..\..\Modules\AUtility\AuCryptAlgorithm\AuSeed\AuSeed.h
          1 file(s) copied.
  ..\..\Modules\AUtility\AuCryptAlgorithm\AuDynCode\AuDynCode.h
          1 file(s) copied.
cl : command line warning D9035: option 'Gm' has been deprecated and will be removed in a future release
  tinyxmlparser.cpp
  tinyxmlerror.cpp
  tinyxml.cpp
F:\Archlord\ALReborn\alef\include\AuPackingManager.h(36,2): warning C4091: 'typedef ': ignored on left of '<unnamed-enum-AuPacking_Status_Build>' when no variable is declared
  tinystr.cpp
  AuXmlParser.cpp
F:\Archlord\ALReborn\alef\include\AuPackingManager.h(36,2): warning C4091: 'typedef ': ignored on left of '<unnamed-enum-AuPacking_Status_Build>' when no variable is declared
  StackWalker.cpp
F:\Archlord\ALReborn\alef\Modules\AUtility\AuXCrashReport\StackWalker.h(118): warning C4091: 'typedef ': ignored on left of 'StackWalker::CallstackEntryType' when no variable is declared
F:\Archlord\ALReborn\alef\include\dbghelp.h(1169,2): warning C4091: 'typedef ': ignored on left of '<unnamed-enum-hdBase>' when no variable is declared
F:\Archlord\ALReborn\alef\Modules\AUtility\AuXCrashReport\StackWalker.cpp(358): warning C4091: 'typedef ': ignored on left of 'StackWalkerInternal::IMAGEHLP_MODULE64_V2' when no variable is declared
F:\Archlord\ALReborn\alef\Modules\AUtility\AuXCrashReport\StackWalker.cpp(1212,7): warning C4996: 'GetVersionExA': was declared deprecated
F:\Archlord\ALReborn\alef\Modules\AUtility\AuXCrashReport\StackWalker.cpp(1224,20): warning C4996: 'fopen': This function or variable may be unsafe. Consider using fopen_s instead. To disable deprecation, use _CRT_SECURE_NO_WARNINGS. See online help for details.
  MiniVersion.cpp
  automatic link to VERSION.LIB
  GetWinVer.cpp
F:\Archlord\ALReborn\alef\Modules\AUtility\AuXCrashReport\GetWinVer.cpp(72,7): warning C4996: 'GetVersionExA': was declared deprecated
  ExceptionHandler.cpp
F:\Archlord\ALReborn\alef\Modules\AUtility\AuXCrashReport\dbghelp.h(1169,2): warning C4091: 'typedef ': ignored on left of '<unnamed-enum-hdBase>' when no variable is declared
F:\Archlord\ALReborn\alef\Modules\AUtility\AuXCrashReport\StackWalker.h(118): warning C4091: 'typedef ': ignored on left of 'StackWalker::CallstackEntryType' when no variable is declared
  AuTimeStamp.cpp
  AuTickCounter.cpp
  AuStrTable.cpp
F:\Archlord\ALReborn\alef\Modules\AUtility\AuStrTable\AuStrTable.cpp(84,3): warning C4018: '<': signed/unsigned mismatch
F:\Archlord\ALReborn\alef\Modules\AUtility\AuStrTable\AuStrTable.cpp(86,16): warning C4018: '>': signed/unsigned mismatch
  AuStringConv.cpp
  stdstring.cpp
  AuScriptEngine.cpp
  AuAngelScriptEngine.cpp
  AuRandomNumber.cpp
  AuProfileManager.cpp
  AuPatchCheckCode.cpp
  AuPackingManager.cpp
F:\Archlord\ALReborn\alef\Modules\AUtility\AuPackingManager\AuPackingManager.h(36,2): warning C4091: 'typedef ': ignored on left of '<unnamed-enum-AuPacking_Status_Build>' when no variable is declared
F:\Archlord\ALReborn\alef\include\dbghelp.h(1169,2): warning C4091: 'typedef ': ignored on left of '<unnamed-enum-hdBase>' when no variable is declared
  Generating Code...
  Compiling...
  AuPacket.cpp
  AuMiniLZO.cpp
  AuCircularBuffer.cpp
  AuMD5Encrypt.cpp
F:\Archlord\ALReborn\alef\Modules\AUtility\AuMD5EnCrypt\AuMD5Encrypt.cpp(34,10): warning C4996: 'fopen': This function or variable may be unsafe. Consider using fopen_s instead. To disable deprecation, use _CRT_SECURE_NO_WARNINGS. See online help for details.
  AuMathEx.cpp
  AuMath.cpp
  AuLua.cpp
  AuTranslateRegionName.cpp
  AuRegionNameConver.cpp
  AuJapaneseClientAuth.cpp
  AuGameInfoJpn.cpp
  AuIPBlockingManager.cpp
F:\Archlord\ALReborn\alef\Modules\AUtility\AuIPBlockingManager\AuIPBlockingManager.cpp(181,46): warning C4474: 'printf' : too many arguments passed for format string
F:\Archlord\ALReborn\alef\Modules\AUtility\AuIPBlockingManager\AuIPBlockingManager.cpp(181,46): message : placeholders and their parameters expect 0 variadic arguments, but 2 were provided
F:\Archlord\ALReborn\alef\Modules\AUtility\AuIPBlockingManager\AuIPBlockingManager.cpp(294,46): warning C4474: 'printf' : too many arguments passed for format string
F:\Archlord\ALReborn\alef\Modules\AUtility\AuIPBlockingManager\AuIPBlockingManager.cpp(294,46): message : placeholders and their parameters expect 0 variadic arguments, but 2 were provided
  AuIniManager.cpp
F:\Archlord\ALReborn\alef\Modules\AUtility\AuIniManager\AuIniManager.cpp(1991,44): warning C4477: 'sprintf' : format string '%d' requires an argument of type 'int', but variadic argument 1 has type 'INT64'
F:\Archlord\ALReborn\alef\Modules\AUtility\AuIniManager\AuIniManager.cpp(1991,44): message : consider using '%lld' in the format string
F:\Archlord\ALReborn\alef\Modules\AUtility\AuIniManager\AuIniManager.cpp(1991,44): message : consider using '%Id' in the format string
F:\Archlord\ALReborn\alef\Modules\AUtility\AuIniManager\AuIniManager.cpp(1991,44): message : consider using '%I64d' in the format string
  AuIgnoringHelper.cpp
F:\Archlord\ALReborn\alef\Modules\AUtility\AuIgnoringHelper\AuIgnoringHelper.cpp(67,13): warning C4996: 'gethostbyname': Use getaddrinfo() or GetAddrInfoW() instead or define _WINSOCK_DEPRECATED_NO_WARNINGS to disable deprecated API warnings
F:\Archlord\ALReborn\alef\Modules\AUtility\AuIgnoringHelper\AuIgnoringHelper.cpp(76,16): warning C4996: 'inet_ntoa': Use inet_ntop() or InetNtop() instead or define _WINSOCK_DEPRECATED_NO_WARNINGS to disable deprecated API warnings
  AuGenerateID.cpp
  AuNPGameLib.cpp
  augameguard.cpp
  AuGameEnv.cpp
  AuFileFind.cpp
  AuExcelTxtLib.cpp
  Generating Code...
  Compiling...
  AuExcelBinaryLib.cpp
  StrUtil.cpp
F:\Archlord\ALReborn\alef\Modules\AUtility\AuEtcUtil\StrUtil.cpp(13,2): warning C4996: 'wcsncpy': This function or variable may be unsafe. Consider using wcsncpy_s instead. To disable deprecation, use _CRT_SECURE_NO_WARNINGS. See online help for details.
  MemMappedFile.cpp
  AuCryptManager.cpp
  AuCrypt.cpp
  AuSeed.cpp
  AuRijnDael.cpp
  AuMD5Mac.cpp
  AuBlowFish.cpp
  AuConsole.cpp
  ApServerMonitorPacket.cpp
  ApServerMonitor.cpp
  ApModuleStream.cpp
  ApModuleManager.cpp
  ApModule.cpp
  ApMemoryManager.cpp
F:\Archlord\ALReborn\alef\Modules\APublic\ApMemory\ApMemoryManager.cpp(134,49): warning C4474: 'fprintf' : too many arguments passed for format string
F:\Archlord\ALReborn\alef\Modules\APublic\ApMemory\ApMemoryManager.cpp(134,49): message : placeholders and their parameters expect 0 variadic arguments, but 1 were provided
  ApHeap.cpp
  ApMemoryTracker.cpp
  MagDebug.cpp
F:\Archlord\ALReborn\alef\include\DbgHelp.h(1169,2): warning C4091: 'typedef ': ignored on left of '<unnamed-enum-hdBase>' when no variable is declared
  CSLog.cpp
  Generating Code...
  Compiling...
  ApRWLock.cpp
  ApMutualEx.cpp
  Service Area Start
  Western
  Service Area End
  ApMemoryChecker.cpp
  ApLockManager.cpp
  ApSet.cpp
  ApAdmin.cpp
  Generating Code...
cl : command line warning D9035: option 'Gm' has been deprecated and will be removed in a future release
  minilzo.c
C:\Program Files\Microsoft Visual Studio\2022\Community\MSBuild\Microsoft\VC\v170\Microsoft.CppBuild.targets(1553,5): warning MSB8012: TargetPath(F:\Archlord\ALReborn\alef\Projects\ApModules\Debug\x64\ApModules.lib) does not match the Library's OutputFile property value (F:\Archlord\ALReborn\alef\lib\Debug\ApModulesD_x64.lib). This may cause your project to build incorrectly. To correct this, please make sure that $(OutDir), $(TargetName) and $(TargetExt) property values match the value specified in %(Lib.OutputFile).
C:\Program Files\Microsoft Visual Studio\2022\Community\MSBuild\Microsoft\VC\v170\Microsoft.CppBuild.targets(1555,5): warning MSB8012: TargetName(ApModules) does not match the Library's OutputFile property value (ApModulesD_x64). This may cause your project to build incorrectly. To correct this, please make sure that $(OutDir), $(TargetName) and $(TargetExt) property values match the value specified in %(Lib.OutputFile).
  ApModules.vcxproj -> F:\Archlord\ALReborn\alef\Projects\ApModules\Debug\x64\ApModules.lib
