  헤더 파일들을 복사합니다...
  ..\..\Modules\APublic\AgpmAdmin\AgpdAdmin.h
  ..\..\Modules\APublic\AgpmAdmin\AgpmAdmin.h
  ..\..\Modules\APublic\AgpmAdmin\AgppAdmin.h
          3 file(s) copied.
  ..\..\Modules\APublic\AgpmAI\AgpaAI.h
  ..\..\Modules\APublic\AgpmAI\AgpdAI.h
  ..\..\Modules\APublic\AgpmAI\AgpmAI.h
          3 file(s) copied.
  ..\..\Modules\APublic\AgpmAI2\AgpaAI2.h
  ..\..\Modules\APublic\AgpmAI2\AgpdAI2.h
  ..\..\Modules\APublic\AgpmAI2\AgpmAI2.h
          3 file(s) copied.
  ..\..\Modules\APublic\AgpmArchlord\AgpmArchlord.h
          1 file(s) copied.
  ..\..\Modules\APublic\AgpmAreaChatting\AgpmAreaChatting.h
          1 file(s) copied.
  ..\..\Modules\APublic\AgpmAuction\AgpaAuction.h
  ..\..\Modules\APublic\AgpmAuction\AgpdAuction.h
  ..\..\Modules\APublic\AgpmAuction\AgpmAuction.h
          3 file(s) copied.
  ..\..\Modules\APublic\AgpmAuctionCategory\AgpmAuctionCategory.h
          1 file(s) copied.
  ..\..\Modules\APublic\AgpmBattleGround\AgpmBattleGround.h
  ..\..\Modules\APublic\AgpmBattleGround\AgppBattleGround.h
          2 file(s) copied.
  ..\..\Modules\APublic\AgpmBillInfo\AgpdBillInfo.h
  ..\..\Modules\APublic\AgpmBillInfo\AgpmBillInfo.h
  ..\..\Modules\APublic\AgpmBillInfo\AgppBillInfo.h
          3 file(s) copied.
  ..\..\Modules\APublic\AgpmBuddy\AgpdBuddy.h
  ..\..\Modules\APublic\AgpmBuddy\AgpmBuddy.h
          2 file(s) copied.
  ..\..\Modules\APublic\AgpmCashMall\AgpdCashMall.h
  ..\..\Modules\APublic\AgpmCashMall\AgpmCashMall.h
  ..\..\Modules\APublic\AgpmCashMall\AgppCashMall.h
          3 file(s) copied.
  ..\..\Modules\APublic\AgpmCasper\AgpmCasper.h
          1 file(s) copied.
  ..\..\Modules\APublic\AgpmCastle\AgpmCastle.h
          1 file(s) copied.
  ..\..\Modules\APublic\AgpmChannel\AgpaChannel.h
  ..\..\Modules\APublic\AgpmChannel\AgpdChannel.h
  ..\..\Modules\APublic\AgpmChannel\AgpmChannel.h
          3 file(s) copied.
  ..\..\Modules\APublic\AgpmCharacter\AgpaCharacter.h
  ..\..\Modules\APublic\AgpmCharacter\AgpaCharacterTemplate.h
  ..\..\Modules\APublic\AgpmCharacter\AgpdCharacter.h
  ..\..\Modules\APublic\AgpmCharacter\AgpdCharacterImportData.h
  ..\..\Modules\APublic\AgpmCharacter\AgpmCharacter.h
  ..\..\Modules\APublic\AgpmCharacter\AgppCharacter.h
  ..\..\Modules\APublic\AgpmCharacter\ApAutoLockCharacter.h
          7 file(s) copied.
  ..\..\Modules\APublic\AgpmChatting\AgpdChatting.h
  ..\..\Modules\APublic\AgpmChatting\AgpmChatting.h
          2 file(s) copied.
  ..\..\Modules\APublic\AgpmCombat\AgpmCombat.h
          1 file(s) copied.
  ..\..\Modules\APublic\AgpmConfig\AgpmConfig.h
          1 file(s) copied.
  ..\..\Modules\APublic\AgpmDropItem\AgpaDropItem.h
  ..\..\Modules\APublic\AgpmDropItem\AgpdDropItem.h
  ..\..\Modules\APublic\AgpmDropItem\AgpmDropItem.h
          3 file(s) copied.
  ..\..\Modules\APublic\AgpmDropItem2\AgpdDropItem2.h
  ..\..\Modules\APublic\AgpmDropItem2\AgpmDropItem2.h
          2 file(s) copied.
  ..\..\Modules\APublic\AgpmEpicZone\AgpmEpicZone.h
          1 file(s) copied.
  ..\..\Modules\APublic\AgpmEventBank\AgpmEventBank.h
          1 file(s) copied.
  ..\..\Modules\APublic\AgpmEventBinding\AgpaEventBinding.h
  ..\..\Modules\APublic\AgpmEventBinding\AgpdEventBinding.h
  ..\..\Modules\APublic\AgpmEventBinding\AgpmEventBinding.h
          3 file(s) copied.
  ..\..\Modules\APublic\AgpmEventCharCustomize\AgpmEventCharCustomize.h
          1 file(s) copied.
  ..\..\Modules\APublic\AgpmEventCook\AgpmEventCook.h
          1 file(s) copied.
  ..\..\Modules\APublic\AgpmEventFactors\AgpmEventFactors.h
          1 file(s) copied.
  ..\..\Modules\APublic\AgpmEventGacha\AgpdEventGacha.h
  ..\..\Modules\APublic\AgpmEventGacha\AgpmEventGacha.h
          2 file(s) copied.
  ..\..\Modules\APublic\AgpmEventGuild\AgpmEventGuild.h
          1 file(s) copied.
  ..\..\Modules\APublic\AgpmEventItemConvert\AgpmEventItemConvert.h
          1 file(s) copied.
  ..\..\Modules\APublic\AgpmEventItemRepair\AgpmEventItemRepair.h
          1 file(s) copied.
  ..\..\Modules\APublic\AgpmEventNature\AgpdEventNature.h
  ..\..\Modules\APublic\AgpmEventNature\AgpmEventNature.h
          2 file(s) copied.
  ..\..\Modules\APublic\AgpmEventNPCDialog\AgpdEventNPCDialog.h
  ..\..\Modules\APublic\AgpmEventNPCDialog\AgpmEventNPCDialog.h
  ..\..\Modules\APublic\AgpmEventNPCDialog\AgppEventNPCDialog.h
          3 file(s) copied.
  ..\..\Modules\APublic\AgpmEventNPCTrade\AgpdEventNPCTrade.h
  ..\..\Modules\APublic\AgpmEventNPCTrade\AgpmEventNPCTrade.h
          2 file(s) copied.
  ..\..\Modules\APublic\AgpmEventPointLight\AgpmEventPointLight.h
          1 file(s) copied.
  ..\..\Modules\APublic\AgpmEventProduct\AgpmEventProduct.h
          1 file(s) copied.
  ..\..\Modules\APublic\AgpmEventQuest\AgpmEventQuest.h
          1 file(s) copied.
  ..\..\Modules\APublic\AgpmEventRefinery\AgpmEventRefinery.h
          1 file(s) copied.
  ..\..\Modules\APublic\AgpmEventSiegeWarNPC\AgpmEventSiegeWarNPC.h
          1 file(s) copied.
  ..\..\Modules\APublic\AgpmEventSkillMaster\AgpdEventSkillMaster.h
  ..\..\Modules\APublic\AgpmEventSkillMaster\AgpmEventSkillMaster.h
  ..\..\Modules\APublic\AgpmEventSkillMaster\AgpmEventSkillMasterEvolution.h
          3 file(s) copied.
  ..\..\Modules\APublic\AgpmEventSpawn\AgpaSpawnGroup.h
  ..\..\Modules\APublic\AgpmEventSpawn\AgpdEventSpawn.h
  ..\..\Modules\APublic\AgpmEventSpawn\AgpmEventSpawn.h
          3 file(s) copied.
  ..\..\Modules\APublic\AgpmEventTeleport\AgpdEventTeleport.h
  ..\..\Modules\APublic\AgpmEventTeleport\AgpmEventTeleport.h
          2 file(s) copied.
  ..\..\Modules\APublic\AgpmEventUvUReward\AgpdEventUvUReward.h
  ..\..\Modules\APublic\AgpmEventUvUReward\AgpmEventUvUReward.h
          2 file(s) copied.
  ..\..\Modules\APublic\AgpmFactors\AgpdFactors.h
  ..\..\Modules\APublic\AgpmFactors\AgpmFactors.h
          2 file(s) copied.
  ..\..\Modules\APublic\AgpmGamble\AgpdGamble.h
  ..\..\Modules\APublic\AgpmGamble\AgpmGamble.h
          2 file(s) copied.
  ..\..\Modules\APublic\AgpmGrid\AgpdGrid.h
  ..\..\Modules\APublic\AgpmGrid\AgpmGrid.h
          2 file(s) copied.
  ..\..\Modules\APublic\AgpmGuild\AgpaGuild.h
  ..\..\Modules\APublic\AgpmGuild\AgpdGuild.h
  ..\..\Modules\APublic\AgpmGuild\AgpmGuild.h
  ..\..\Modules\APublic\AgpmGuild\AgppGuild.h
          4 file(s) copied.
  ..\..\Modules\APublic\AgpmGuildWarehouse\AgpdGuildWarehouse.h
  ..\..\Modules\APublic\AgpmGuildWarehouse\AgpmGuildWarehouse.h
          2 file(s) copied.
  ..\..\Modules\APublic\AgpmItem\AgpaItem.h
  ..\..\Modules\APublic\AgpmItem\AgpdItem.h
  ..\..\Modules\APublic\AgpmItem\AgpdItemImportData.h
  ..\..\Modules\APublic\AgpmItem\AgpdItemOptionTemplate.h
  ..\..\Modules\APublic\AgpmItem\AgpdItemTemplate.h
  ..\..\Modules\APublic\AgpmItem\AgpmItem.h
  ..\..\Modules\APublic\AgpmItem\AgpmItemGrid.h
  ..\..\Modules\APublic\AgpmItem\AgppItem.h
  ..\..\Modules\APublic\AgpmItem\ApdItem.h
  ..\..\Modules\APublic\AgpmItem\ApdItemTemplate.h
         10 file(s) copied.
  ..\..\Modules\APublic\AgpmItemConvert\AgpdItemConvert.h
  ..\..\Modules\APublic\AgpmItemConvert\AgpmItemConvert.h
  ..\..\Modules\APublic\AgpmItemConvert\AgpmItemConvertStream.h
          3 file(s) copied.
  ..\..\Modules\APublic\AgpmLog\AgpdLog.h
  ..\..\Modules\APublic\AgpmLog\AgpmLog.h
          2 file(s) copied.
  ..\..\Modules\APublic\AgpmLogin\AgpmLogin.h
          1 file(s) copied.
  ..\..\Modules\APublic\AgpmMailBox\AgpaMailBox.h
  ..\..\Modules\APublic\AgpmMailBox\AgpdMailBox.h
  ..\..\Modules\APublic\AgpmMailBox\AgpmMailBox.h
          3 file(s) copied.
  ..\..\Modules\APublic\AgpmMonsterPath\AgpdMonsterPath.h
  ..\..\Modules\APublic\AgpmMonsterPath\AgpmMonsterPath.h
          2 file(s) copied.
  ..\..\Modules\APublic\AgpmNatureEffect\AgpmNatureEffect.h
          1 file(s) copied.
  ..\..\Modules\APublic\AgpmOptimizedPacket2\AgpmOptimizedPacket2.h
          1 file(s) copied.
  ..\..\Modules\APublic\AgpmParty\AgpaParty.h
  ..\..\Modules\APublic\AgpmParty\AgpdParty.h
  ..\..\Modules\APublic\AgpmParty\AgpmParty.h
          3 file(s) copied.
  ..\..\Modules\APublic\AgpmPathFind\AgpdPathFind.h
  ..\..\Modules\APublic\AgpmPathFind\AgpmPathFind.h
  ..\..\Modules\APublic\AgpmPathFind\SpecializeListPathFind.h
          3 file(s) copied.
  ..\..\Modules\APublic\AgpmProduct\AgpaProduct.h
  ..\..\Modules\APublic\AgpmProduct\AgpdProduct.h
  ..\..\Modules\APublic\AgpmProduct\AgpmProduct.h
          3 file(s) copied.
  ..\..\Modules\APublic\AgpmPvP\AgpdPvP.h
  ..\..\Modules\APublic\AgpmPvP\AgpmPvP.h
          2 file(s) copied.
  ..\..\Modules\APublic\AgpmQuest\AgpaQuestGroup.h
  Access is denied.
  ..\..\Modules\APublic\AgpmQuest\AgpaQuestTemplate.h
  ..\..\Modules\APublic\AgpmQuest\AgpdQuest.h
  Access is denied.
  ..\..\Modules\APublic\AgpmQuest\AgpdQuestFlag.h
  ..\..\Modules\APublic\AgpmQuest\AgpdQuestTemplate.h
  ..\..\Modules\APublic\AgpmQuest\AgpmQuest.h
  ..\..\Modules\APublic\AgpmQuest\AgpmQuestStringTable.h
          5 file(s) copied.
  ..\..\Modules\APublic\AgpmRecruit\AgpmRecruit.h
          1 file(s) copied.
  ..\..\Modules\APublic\AgpmRefinery\AgpaRefinery.h
  Access is denied.
  ..\..\Modules\APublic\AgpmRefinery\AgpdRefinery.h
  Access is denied.
  ..\..\Modules\APublic\AgpmRefinery\AgpmRefinery.h
          1 file(s) copied.
  ..\..\Modules\APublic\AgpmRemission\AgpmRemission.h
          1 file(s) copied.
  ..\..\Modules\APublic\AgpmResourceInfo\AgpmResourceInfo.h
          1 file(s) copied.
  ..\..\Modules\APublic\AgpmReturnToLogin\AgpmReturnToLogin.h
          1 file(s) copied.
  ..\..\Modules\APublic\AgpmRide\AgpmRide.h
          1 file(s) copied.
  ..\..\Modules\APublic\AgpmScript\AgpmScript.h
          1 file(s) copied.
  ..\..\Modules\APublic\AgpmSearch\AgpdSearch.h
  Access is denied.
  ..\..\Modules\APublic\AgpmSearch\AgpmSearch.h
          1 file(s) copied.
  ..\..\Modules\APublic\AgpmShrine\AgpaShrine.h
  Access is denied.
  ..\..\Modules\APublic\AgpmShrine\AgpaShrineTemplate.h
  ..\..\Modules\APublic\AgpmShrine\AgpdShrine.h
  Access is denied.
  Access is denied.
  ..\..\Modules\APublic\AgpmShrine\AgpmShrine.h
  Access is denied.
          0 file(s) copied.
  ..\..\Modules\APublic\AgpmSiegeWar\AgpdSiegeWar.h
  Access is denied.
  ..\..\Modules\APublic\AgpmSiegeWar\AgpmSiegeWar.h
  Access is denied.
          0 file(s) copied.
  ..\..\Modules\APublic\AgpmSkill\AgpaSkill.h
  Access is denied.
  ..\..\Modules\APublic\AgpmSkill\AgpaSkillProductTemplate.h
  Access is denied.
  ..\..\Modules\APublic\AgpmSkill\AgpaSkillSpecializeTemplate.h
  Access is denied.
  ..\..\Modules\APublic\AgpmSkill\AgpaSkillTemplate.h
  ..\..\Modules\APublic\AgpmSkill\AgpaSkillTooltipTemplate.h
  Access is denied.
  Access is denied.
  ..\..\Modules\APublic\AgpmSkill\AgpdSkill.h
  ..\..\Modules\APublic\AgpmSkill\AgpdSkillImportData.h
  Access is denied.
  ..\..\Modules\APublic\AgpmSkill\AgpdSkillProduct.h
  Access is denied.
  Access is denied.
  ..\..\Modules\APublic\AgpmSkill\AgpmSkill.h
  Access is denied.
          0 file(s) copied.
  ..\..\Modules\APublic\AgpmStartupEncryption\AgpmStartupEncryption.h
  Access is denied.
          0 file(s) copied.
  ..\..\Modules\APublic\AgpmSummons\AgpdSummons.h
  Access is denied.
  ..\..\Modules\APublic\AgpmSummons\AgpmSummons.h
  Access is denied.
          0 file(s) copied.
  ..\..\Modules\APublic\AgpmSystemMessage\AgpdSystemMessage.h
  Access is denied.
  ..\..\Modules\APublic\AgpmSystemMessage\AgpmSystemMessage.h
  Access is denied.
          0 file(s) copied.
  ..\..\Modules\APublic\AgpmTax\AgpdTax.h
  Access is denied.
  ..\..\Modules\APublic\AgpmTax\AgpmTax.h
  Access is denied.
          0 file(s) copied.
  ..\..\Modules\APublic\AgpmTimer\AgpdTimer.h
  Access is denied.
  ..\..\Modules\APublic\AgpmTimer\AgpmTimer.h
  Access is denied.
          0 file(s) copied.
  ..\..\Modules\APublic\AgpmTitle\AgpaTitle.h
  Access is denied.
  ..\..\Modules\APublic\AgpmTitle\AgpdTitle.h
  ..\..\Modules\APublic\AgpmTitle\AgpdTitleQuest.h
  Access is denied.
  Access is denied.
  ..\..\Modules\APublic\AgpmTitle\AgpdTitleTemplate.h
  Access is denied.
  ..\..\Modules\APublic\AgpmTitle\AgpmTitle.h
  Access is denied.
  ..\..\Modules\APublic\AgpmTitle\agppTitle.h
  Access is denied.
          0 file(s) copied.
  ..\..\Modules\APublic\AgpmTransform\AgpmTransform.h
  Access is denied.
          0 file(s) copied.
  ..\..\Modules\APublic\AgpmUIStatus\AgpdUIStatus.h
  Access is denied.
  ..\..\Modules\APublic\AgpmUIStatus\AgpmUIStatus.h
  Access is denied.
          0 file(s) copied.
  ..\..\Modules\APublic\AgpmUnion\AgpmUnion.h
  Access is denied.
          0 file(s) copied.
  ..\..\Modules\APublic\AgpmWantedCriminal\AgpdWantedCriminal.h
  Access is denied.
  ..\..\Modules\APublic\AgpmWantedCriminal\AgpmWantedCriminal.h
  Access is denied.
          0 file(s) copied.
  ..\..\Modules\APublic\AgpmWorld\AgpmWorld.h
  Access is denied.
          0 file(s) copied.
  ..\..\Modules\APublic\ApAdmin\ApAdmin.h
  Access is denied.
  ..\..\Modules\APublic\ApAdmin\ApArray.h
  Access is denied.
  ..\..\Modules\APublic\ApAdmin\ApSet.h
  Access is denied.
  ..\..\Modules\APublic\ApAdmin\ApSort.h
  Access is denied.
          0 file(s) copied.
  ..\..\Modules\APublic\ApBase\ApBase.h
  Access is denied.
  ..\..\Modules\APublic\ApBase\ApDefine.h
  Access is denied.
  ..\..\Modules\APublic\ApBase\ApLockManager.h
  Access is denied.
  ..\..\Modules\APublic\ApBase\ApMemoryChecker.h
  Access is denied.
  ..\..\Modules\APublic\ApBase\ApMutualEx.h
  Access is denied.
  ..\..\Modules\APublic\ApBase\ApRWLock.h
  Access is denied.
  ..\..\Modules\APublic\ApBase\ApSafeArray.h
  ..\..\Modules\APublic\ApBase\ApString.h
  Access is denied.
  Access is denied.
  ..\..\Modules\APublic\ApBase\ApUtil.h
  Access is denied.
  ..\..\Modules\APublic\ApBase\ApVector.h
  Access is denied.
  ..\..\Modules\APublic\ApBase\AuEzSTL.h
  ..\..\Modules\APublic\ApBase\CSLog.h
  Access is denied.
  Access is denied.
  ..\..\Modules\APublic\ApBase\MagDebug.h
  ..\..\Modules\APublic\ApBase\NoMemoryChecker.h
  Access is denied.
  Access is denied.
          0 file(s) copied.
  ..\..\Modules\APublic\ApIOCPDispatcher\ApIOCP.h
  Access is denied.
  ..\..\Modules\APublic\ApIOCPDispatcher\ApIOCPDispatcher.h
  Access is denied.
          0 file(s) copied.
  ..\..\Modules\APublic\ApMemory\ApHeap.h
  Access is denied.
  ..\..\Modules\APublic\ApMemory\ApMemory.h
  ..\..\Modules\APublic\ApMemory\ApMemoryAllocator.h
  Access is denied.
  Access is denied.
  ..\..\Modules\APublic\ApMemory\ApMemoryManager.h
  ..\..\Modules\APublic\ApMemory\ApMemoryPool.h
  Access is denied.
  Access is denied.
  ..\..\Modules\APublic\ApMemory\AuSharedMemory.h
  Access is denied.
          0 file(s) copied.
  ..\..\Modules\APublic\ApMemoryTracker\ApCRTHeader.h
  Access is denied.
  ..\..\Modules\APublic\ApMemoryTracker\ApMemoryTracker.h
  Access is denied.
          0 file(s) copied.
  ..\..\Modules\APublic\ApmEventManager\ApaEvent.h
  Access is denied.
  ..\..\Modules\APublic\ApmEventManager\ApdEvent.h
  Access is denied.
  ..\..\Modules\APublic\ApmEventManager\ApmEventManager.h
  Access is denied.
          0 file(s) copied.
  ..\..\Modules\APublic\ApmEventManagerDlg\ApmEventConditionDlg.h
  Access is denied.
  ..\..\Modules\APublic\ApmEventManagerDlg\ApmEventListDlg.h
  ..\..\Modules\APublic\ApmEventManagerDlg\ApmEventManagerDlg.h
  Access is denied.
  Access is denied.
  ..\..\Modules\APublic\ApmEventManagerDlg\resource.h
  ..\..\Modules\APublic\ApmEventManagerDlg\StdAfx.h
          2 file(s) copied.
  ..\..\Modules\APublic\ApmFactors\ApmFactors.h
  Access is denied.
          0 file(s) copied.
  ..\..\Modules\APublic\ApmMap\ApMapBlocking.h
  Access is denied.
  ..\..\Modules\APublic\ApmMap\ApmMap.h
  ..\..\Modules\APublic\ApmMap\ApWorldSector.h
  Access is denied.
  Access is denied.
  ..\..\Modules\APublic\ApmMap\AuOTree.h
  Access is denied.
  ..\..\Modules\APublic\ApmMap\MagPackManager.h
  Access is denied.
  ..\..\Modules\APublic\ApmMap\MagUnpackManager.h
  Access is denied.
          0 file(s) copied.
  ..\..\Modules\APublic\ApmObject\ApdObject.h
  Access is denied.
  ..\..\Modules\APublic\ApmObject\ApmObject.h
  Access is denied.
          0 file(s) copied.
  ..\..\Modules\APublic\ApmOcTree\ApmOcTree.h
  Access is denied.
          0 file(s) copied.
  ..\..\Modules\APublic\ApModule\ApModule.h
  Access is denied.
  ..\..\Modules\APublic\ApModule\ApModuleDBStream.h
  Access is denied.
  ..\..\Modules\APublic\ApModule\ApModuleManager.h
  Access is denied.
  ..\..\Modules\APublic\ApModule\ApModuleStream.h
  Access is denied.
          0 file(s) copied.
  ..\..\Modules\APublic\ApmProfiler\ApmProfiler.h
  Access is denied.
  ..\..\Modules\APublic\ApmProfiler\resource.h
  ..\..\Modules\APublic\ApmProfiler\StdAfx.h
          2 file(s) copied.
  ..\..\Modules\APublic\ApServerMonitor\ApServerMonitor.h
  Access is denied.
  ..\..\Modules\APublic\ApServerMonitor\ApServerMonitorPacket.h
  Access is denied.
          0 file(s) copied.
  ..\..\Modules\APublic\ApSingleton\SingleTon.h
  Access is denied.
          0 file(s) copied.
cl : command line warning D9035: option 'Gm' has been deprecated and will be removed in a future release
  ApmOcTree.cpp
  ApmObject.cpp
  ApdObject.cpp
  MagUnpackManager.cpp
  MagPackManager.cpp
  AuOTree.cpp
  ApWorldSector.cpp
  ApmMap.cpp
  ApMapBlocking.cpp
  ApmFactors.cpp
  ApmEventManager.cpp
  ApmEventCondition.cpp
  ApaEvent.cpp
  AgpmWorld.cpp
  AgpmWantedCriminal.cpp
  AgpmUnion.cpp
  AgpmUIStatus.cpp
  AgpmTransform.cpp
  AgpmTItleStream.cpp
  AgpmTitle.cpp
  Generating Code...
  Compiling...
  AgpdTitleQuest.cpp
  AgpdTitle.cpp
F:\Archlord\ALReborn\alef\Modules\APublic\AgpmTitle\AgpdTitle.cpp(155,25): warning C4267: 'return': conversion from 'size_t' to 'INT32', possible loss of data
  AgpaTitle.cpp
  AgpmTimer.cpp
  AgpmTax.cpp
  AgpmSystemMessage.cpp
  AgpmSummons.cpp
  AgpmStartupEncryption.cpp
  AgpmSkillStream.cpp
  AgpmSkillMastery.cpp
  AgpmSkillMakePacket.cpp
  AgpmSkill.cpp
  AgpaSkillTooltipTemplate.cpp
  AgpaSkillTemplate.cpp
  AgpaSkillSpecializeTemplate.cpp
  AgpaSkillProductTemplate.cpp
  AgpaSkill.cpp
  AgpmSiegeWarApplication.cpp
  AgpmSiegeWar.cpp
  AgpmShrine.cpp
  Generating Code...
  Compiling...
  AgpaShrineTemplate.cpp
  AgpaShrine.cpp
  AgpmSearch.cpp
  AgpmScript.cpp
  AgpmRide.cpp
  AgpmReturnToLogin.cpp
  AgpmResourceInfo.cpp
  AgpmRemission.cpp
  AgpmRefinery.cpp
  AgpaRefinery.cpp
  AgpmRecruit.cpp
  AgpmQuestStream.cpp
  AgpmQuestPacket.cpp
  AgpmQuest.cpp
  AgpdQuestFlag.cpp
  AgpdQuest.cpp
  AgpaQuestTemplate.cpp
  AgpaQuestGroup.cpp
  AgpmPvPStream.cpp
  AgpmPvPPacket.cpp
  Generating Code...
  Compiling...
  AgpmPvP.cpp
  AgpmProductStream.cpp
  AgpmProduct.cpp
  AgpaProduct.cpp
  AgpmPathFind.cpp
  AgpmParty.cpp
  AgpaParty.cpp
  AgpmOptimizedPacket2.cpp
  AgpmNatureEffect.cpp
  AgpmMonsterPath.cpp
  AgpmMailBox.cpp
  AgpaMailBox.cpp
  AgpmLog.cpp
  AgpmLogin.cpp
  AgpmItemTradeGrid.cpp
  AgpmItemSubInventory.cpp
  AgpmItemStream.cpp
F:\Archlord\ALReborn\alef\Modules\APublic\AgpmItem\AgpmItemStream.cpp(19,4): warning C4838: conversion from 'int' to 'CHAR' requires a narrowing conversion
F:\Archlord\ALReborn\alef\Modules\APublic\AgpmItem\AgpmItemStream.cpp(19,10): warning C4838: conversion from 'int' to 'CHAR' requires a narrowing conversion
F:\Archlord\ALReborn\alef\Modules\APublic\AgpmItem\AgpmItemStream.cpp(19,16): warning C4838: conversion from 'int' to 'CHAR' requires a narrowing conversion
F:\Archlord\ALReborn\alef\Modules\APublic\AgpmItem\AgpmItemStream.cpp(19,22): warning C4838: conversion from 'int' to 'CHAR' requires a narrowing conversion
F:\Archlord\ALReborn\alef\Modules\APublic\AgpmItem\AgpmItemStream.cpp(20,4): warning C4838: conversion from 'int' to 'CHAR' requires a narrowing conversion
F:\Archlord\ALReborn\alef\Modules\APublic\AgpmItem\AgpmItemStream.cpp(20,10): warning C4838: conversion from 'int' to 'CHAR' requires a narrowing conversion
F:\Archlord\ALReborn\alef\Modules\APublic\AgpmItem\AgpmItemStream.cpp(20,16): warning C4838: conversion from 'int' to 'CHAR' requires a narrowing conversion
F:\Archlord\ALReborn\alef\Modules\APublic\AgpmItem\AgpmItemStream.cpp(20,22): warning C4838: conversion from 'int' to 'CHAR' requires a narrowing conversion
F:\Archlord\ALReborn\alef\Modules\APublic\AgpmItem\AgpmItemStream.cpp(797,52): warning C4267: 'initializing': conversion from 'size_t' to 'int', possible loss of data
  AgpmItemSalesBox.cpp
  AgpmItemQuest.cpp
  AgpmItemInventory.cpp
  Generating Code...
  Compiling...
  AgpmItemGrid.cpp
  AgpmItemField.cpp
  AgpmItemEquip.cpp
  AgpmItemClientGrid.cpp
  AgpmItemCashInventory.cpp
  AgpmItemBank.cpp
  AgpmItem.cpp
F:\Archlord\ALReborn\alef\Modules\APublic\AgpmItem\AgpmItem.cpp(9172,72): warning C4312: 'type cast': conversion from 'DWORD' to 'PVOID' of greater size
  AgpaItem.cpp
  AgpmItemEgo.cpp
  AgpmItemConvertStream.cpp
  AgpmItemConvertSpiritStone.cpp
  AgpmItemConvertSocket.cpp
  AgpmItemConvertRune.cpp
  AgpmItemConvertPhysicalAttr.cpp
  AgpmItemConvertPacket.cpp
  AgpmGuild.cpp
  AgpdGuild.cpp
  AgpaGuild.cpp
  AgpmGuildWarehouse.cpp
  AgpmGrid.cpp
  Generating Code...
  Compiling...
  AgpmGamble.cpp
  AgpmFactors.cpp
  AgpmEventTeleportStream.cpp
  AgpmEventTeleport.cpp
  AgpmEventSpawn.cpp
  AgpaSpawnGroup.cpp
  AgpmEventSkillMasterStream.cpp
  AgpmEventSkillMaster.cpp
  AgpmEventSiegeWarNPC.cpp
  AgpmEventRefinery.cpp
  AgpmEventQuest.cpp
  AgpmEventProduct.cpp
  AgpmEventPointLight.cpp
  AgpmEventNPCTrade.cpp
  AgpaEventNPCTrade.cpp
  AgpmEventNPCDialog.cpp
  AgpaEventNPCDialog.cpp
  AgpmEventNature.cpp
  AgpmEventItemRepair.cpp
  AgpmEventItemConvert.cpp
  Generating Code...
  Compiling...
  AgpmEventGuild.cpp
  AgpmEventGacha.cpp
  AgpmEventFactors.cpp
  AgpmEventCharCustomize.cpp
  AgpmEventBindingStream.cpp
  AgpmEventBinding.cpp
  AgpaEventBinding.cpp
  AgpmEventBank.cpp
  AgpmEpicZone.cpp
  AgpmDropItem.cpp
  AgpaDropItem.cpp
  AgpmDropItem2.cpp
  AgpmConfig.cpp
  AgpmCombat.cpp
  AgpmChatting.cpp
  AgpmCharacterUpdate.cpp
  AgpmCharacterStream.cpp
  AgpmCharacterMoney.cpp
  AgpmCharacterAction.cpp
  AgpmCharacter.cpp
  Generating Code...
  Compiling...
  AgpaCharacterTemplate.cpp
  AgpaCharacter.cpp
  AgpmChannel.cpp
  AgpaChannel.cpp
  AgpmCastle.cpp
  AgpmCasper.cpp
  AgpmCashMallStream.cpp
  AgpmCashMallPacket.cpp
  AgpmCashMall.cpp
  AgpmBuddy.cpp
  AgpmBillInfo.cpp
  AgpmBattleGround.cpp
  AgpmAuction.cpp
  AgpaAuction.cpp
  AgpmAuctionCategory.cpp
  AgpmAreaChatting.cpp
F:\Archlord\ALReborn\alef\Modules\APublic\AgpmAreaChatting\AgpmAreaChatting.cpp(73,40): warning C4312: 'type cast': conversion from 'UINT32' to 'PVOID' of greater size
  AgpmArchlord.cpp
  AgpmAI2.cpp
  AgpaAI2.cpp
  AgpmAdmin.cpp
  Generating Code...
cl : command line warning D9035: option 'Gm' has been deprecated and will be removed in a future release
  AgpmItemConvert.cpp
C:\Program Files\Microsoft Visual Studio\2022\Community\MSBuild\Microsoft\VC\v170\Microsoft.CppBuild.targets(1553,5): warning MSB8012: TargetPath(F:\Archlord\ALReborn\alef\Projects\AgpModules\Debug\x64\AgpModules.lib) does not match the Library's OutputFile property value (F:\Archlord\ALReborn\alef\lib\Debug\AgpModulesD_x64.lib). This may cause your project to build incorrectly. To correct this, please make sure that $(OutDir), $(TargetName) and $(TargetExt) property values match the value specified in %(Lib.OutputFile).
C:\Program Files\Microsoft Visual Studio\2022\Community\MSBuild\Microsoft\VC\v170\Microsoft.CppBuild.targets(1555,5): warning MSB8012: TargetName(AgpModules) does not match the Library's OutputFile property value (AgpModulesD_x64). This may cause your project to build incorrectly. To correct this, please make sure that $(OutDir), $(TargetName) and $(TargetExt) property values match the value specified in %(Lib.OutputFile).
  AgpModules.vcxproj -> F:\Archlord\ALReborn\alef\Projects\AgpModules\Debug\x64\AgpModules.lib
