  헤더 파일들을 복사합니다...
  ..\..\Server\AgsEngine\AgsEngine.h
  ..\..\Server\AgsEngine\AgsGameProcess.h
  ..\..\Server\AgsEngine\AgsModuleDBStream.h
          3 file(s) copied.
  The system cannot find the path specified.
  ..\..\Server\AsEchoServer\AsEchoServer.h
          1 file(s) copied.
  ..\..\Modules\AUtility\AuDatabase\auDatabase.h
  ..\..\Modules\AUtility\AuDatabase\AuDatabaseOCI.h
  ..\..\Modules\AUtility\AuDatabase\auDatabaseODBC.h
  ..\..\Modules\AUtility\AuDatabase\auDatabaseOLEDB.h
          4 file(s) copied.
  The system cannot find the path specified.
  The system cannot find the path specified.
  ..\..\Modules\AUtility\AuRegistry\AuRegistry.h
          1 file(s) copied.
  ..\..\Modules\AUtility\AuDatabase2\AuDatabase2.h
          1 file(s) copied.
  ..\..\Modules\AServer\AgsmAccountManager\AgsaAccountManager.h
  ..\..\Modules\AServer\AgsmAccountManager\AgsdAccount.h
  ..\..\Modules\AServer\AgsmAccountManager\AgsmAccountManager.h
          3 file(s) copied.
  ..\..\Modules\AServer\AgsmAdmin\AgsmAdmin.h
          1 file(s) copied.
  ..\..\Modules\AServer\AgsmAI\AgsmAI.h
          1 file(s) copied.
  ..\..\Modules\AServer\AgsmAI2\AgsmAI2.h
          1 file(s) copied.
  ..\..\Modules\AServer\AgsmAOIFilter\AgsmAOICell.h
  ..\..\Modules\AServer\AgsmAOIFilter\AgsmAOIFilter.h
  ..\..\Modules\AServer\AgsmAOIFilter\AgsmAOIMap.h
          3 file(s) copied.
  ..\..\Modules\AServer\AgsmArchlord\AgsmArchlord.h
          1 file(s) copied.
  ..\..\Modules\AServer\AgsmAreaChatting\AgsmAreaChatting.h
          1 file(s) copied.
  ..\..\Modules\AServer\AgsmAuction\AgsmAuction.h
          1 file(s) copied.
  ..\..\Modules\AServer\AgsmAuctionClient\AgsmAuctionClient.h
          1 file(s) copied.
  ..\..\Modules\AServer\AgsmAuctionRelay\AgsaAuctionRelay.h
  ..\..\Modules\AServer\AgsmAuctionRelay\AgsdAuctionRelay.h
  ..\..\Modules\AServer\AgsmAuctionRelay\AgsmAuctionRelay.h
          3 file(s) copied.
  ..\..\Modules\AServer\AgsmAuctionServer\AgsmAuctionServer.h
          1 file(s) copied.
  ..\..\Modules\AServer\AgsmAuctionServerDB\AgsmAuctionServerDB.h
          1 file(s) copied.
  ..\..\Modules\AServer\AgsmBattleGround\AgsmBattleGround.h
          1 file(s) copied.
  ..\..\Modules\AServer\AgsmBillInfo\AgsmBillInfo.h
          1 file(s) copied.
  ..\..\Modules\AServer\AgsmBilling\AgsaBilling.h
  ..\..\Modules\AServer\AgsmBilling\AgsdBilling.h
  ..\..\Modules\AServer\AgsmBilling\AgsmBilling.h
          3 file(s) copied.
  ..\..\Modules\AServer\AgsmBillingChina\AgsmBillingChina.h
  ..\..\Modules\AServer\AgsmBillingChina\APIFunc.h
  ..\..\Modules\AServer\AgsmBillingChina\BillAPI.h
  ..\..\Modules\AServer\AgsmBillingChina\bsiperrcode.h
  ..\..\Modules\AServer\AgsmBillingChina\bsipfun.h
  ..\..\Modules\AServer\AgsmBillingChina\bsipmacro.h
  ..\..\Modules\AServer\AgsmBillingChina\bsipmsg.h
  ..\..\Modules\AServer\AgsmBillingChina\CallbackFunc.h
  ..\..\Modules\AServer\AgsmBillingChina\errcode.h
          9 file(s) copied.
  ..\..\Modules\AServer\AgsmBillingGlobal\AgsmBillingGlobal.h
  ..\..\Modules\AServer\AgsmBillingGlobal\WebzenBilling.h
  ..\..\Modules\AServer\AgsmBillingGlobal\WebzenBilling_Kor.h
          3 file(s) copied.
  ..\..\Modules\AServer\AgsmBillingJapan\AgsmBillingJapan.h
          1 file(s) copied.
  ..\..\Modules\AServer\AgsmBillingWebzen\AgsmBillingWebzen.h
          1 file(s) copied.
  ..\..\Modules\AServer\AgsmBuddy\AgsdBuddy.h
  ..\..\Modules\AServer\AgsmBuddy\AgsmBuddy.h
          2 file(s) copied.
  ..\..\Modules\AServer\AgsmCashMall\AgsmCashMall.h
          1 file(s) copied.
  ..\..\Modules\AServer\AgsmCasper\AgsmCasper.h
          1 file(s) copied.
  ..\..\Modules\AServer\AgsmCastle\AgsmCastle.h
          1 file(s) copied.
  ..\..\Modules\AServer\AgsmChannel\AgsmChannel.h
          1 file(s) copied.
  ..\..\Modules\AServer\AgsmCharacter\AgsdCharacter.h
  ..\..\Modules\AServer\AgsmCharacter\AgsmCharacter.h
          2 file(s) copied.
  ..\..\Modules\AServer\AgsmCharManager\AgsmCharManager.h
          1 file(s) copied.
  ..\..\Modules\AServer\AgsmChatting\AgsmChatting.h
          1 file(s) copied.
  ..\..\Modules\AServer\AgsmCombat\AgsmCombat.h
          1 file(s) copied.
  ..\..\Modules\AServer\AgsmConfig\AgsmConfig.h
          1 file(s) copied.
  ..\..\Modules\AServer\AgsmConnectionSetupGame\AgsmConnectionSetupGame.h
          1 file(s) copied.
  ..\..\Modules\AServer\AgsmConnectionSetupLogin\AgsmConnectionSetupLogin.h
          1 file(s) copied.
  ..\..\Modules\AServer\AgsmConnectionSetupRelay\AgsmConnectionSetupRelay.h
          1 file(s) copied.
  ..\..\Modules\AServer\AgsmDatabaseConfig\AgsmDatabaseConfig.h
          1 file(s) copied.
  ..\..\Modules\AServer\AgsmDatabasePool\AgsdDatabase.h
  ..\..\Modules\AServer\AgsmDatabasePool\AgsmDatabasePool.h
  ..\..\Modules\AServer\AgsmDatabasePool\IOCPDatabase.h
  ..\..\Modules\AServer\AgsmDatabasePool\zzThread.h
          4 file(s) copied.
  ..\..\Modules\AServer\AgsmDBPool\AgsmDBPool.h
  ..\..\Modules\AServer\AgsmDBPool\AgsmDBPoolEvents.h
  ..\..\Modules\AServer\AgsmDBPool\AgsmIOCPDatabase.h
          3 file(s) copied.
  ..\..\Modules\AServer\AgsmDeath\AgsdDeath.h
  ..\..\Modules\AServer\AgsmDeath\AgsmDeath.h
          2 file(s) copied.
  ..\..\Modules\AServer\AgsmDropItem\AgsmDropItem.h
          1 file(s) copied.
  ..\..\Modules\AServer\AgsmDropItem2\AgsmDropItem2.h
          1 file(s) copied.
  ..\..\Modules\AServer\AgsmEpicZone\AgsmEpicZone.h
          1 file(s) copied.
  ..\..\Modules\AServer\AgsmEventBank\AgsmEventBank.h
          1 file(s) copied.
  ..\..\Modules\AServer\AgsmEventCharCustomize\AgsmEventCharCustomize.h
          1 file(s) copied.
  ..\..\Modules\AServer\AgsmEventCook\AgsmEventCook.h
          1 file(s) copied.
  ..\..\Modules\AServer\AgsmEventGacha\AgsmEventGacha.h
          1 file(s) copied.
  ..\..\Modules\AServer\AgsmEventGuild\AgsmEventGuild.h
          1 file(s) copied.
  ..\..\Modules\AServer\AgsmEventItemConvert\AgsmEventItemConvert.h
          1 file(s) copied.
  ..\..\Modules\AServer\AgsmEventItemRepair\AgsmEventItemRepair.h
          1 file(s) copied.
  ..\..\Modules\AServer\AgsmEventManager\AgsmEventManager.h
          1 file(s) copied.
  ..\..\Modules\AServer\AgsmEventNature\AgsmEventNature.h
          1 file(s) copied.
  ..\..\Modules\AServer\AgsmEventNPCDialog\AgsmEventNPCDialog.h
          1 file(s) copied.
  ..\..\Modules\AServer\AgsmEventNPCTrade\AgsdEventNPCTrade.h
  ..\..\Modules\AServer\AgsmEventNPCTrade\AgsmEventNPCTrade.h
          2 file(s) copied.
  ..\..\Modules\AServer\AgsmEventProduct\AgsmEventProduct.h
          1 file(s) copied.
  ..\..\Modules\AServer\AgsmEventQuest\AgsmEventQuest.h
          1 file(s) copied.
  ..\..\Modules\AServer\AgsmEventRefinery\AgsmEventRefinery.h
          1 file(s) copied.
  ..\..\Modules\AServer\AgsmEventSiegeWarNPC\AgsmEventSiegeWarNPC.h
          1 file(s) copied.
  ..\..\Modules\AServer\AgsmEventSkillMaster\AgsmEventSkillMaster.h
          1 file(s) copied.
  ..\..\Modules\AServer\AgsmEventSpawn\AgsmEventSpawn.h
          1 file(s) copied.
  ..\..\Modules\AServer\AgsmEventSystem\AgsmEventSystem.h
  ..\..\Modules\AServer\AgsmEventSystem\AgspEventSystem.h
          2 file(s) copied.
  ..\..\Modules\AServer\AgsmEventTeleport\AgsmEventTeleport.h
          1 file(s) copied.
  ..\..\Modules\AServer\AgsmEventUvUReward\AgsmEventUvUReward.h
          1 file(s) copied.
  ..\..\Modules\AServer\AgsmFactors\AgsdFactors.h
  ..\..\Modules\AServer\AgsmFactors\AgsmFactors.h
          2 file(s) copied.
  ..\..\Modules\AServer\AgsmGamble\AgsmGamble.h
          1 file(s) copied.
  ..\..\Modules\AServer\AgsmGameholic\AgsmGameholic.h
  ..\..\Modules\AServer\AgsmGameholic\FCMsdkBase.h
          2 file(s) copied.
  ..\..\Modules\AServer\AgsmGKforPCRoom\AgsmGKforPCRoom.h
  ..\..\Modules\AServer\AgsmGKforPCRoom\AgsmGKPacket.h
          2 file(s) copied.
  ..\..\Modules\AServer\AgsmGlobalChatting\AgsmGlobalChatting.h
          1 file(s) copied.
  ..\..\Modules\AServer\AgsmGuild\AgsdGuild.h
  ..\..\Modules\AServer\AgsmGuild\AgsmGuild.h
  ..\..\Modules\AServer\AgsmGuild\AgspGuild.h
          3 file(s) copied.
  ..\..\Modules\AServer\AgsmGuildWarehouse\AgsmGuildWarehouse.h
          1 file(s) copied.
  ..\..\Modules\AServer\AgsmInterServerLink\AgsmInterServerLink.h
          1 file(s) copied.
  ..\..\Modules\AServer\AgsmIPBlockingManager\AgsmIPBlockingManger.h
          1 file(s) copied.
  ..\..\Modules\AServer\AgsmItem\AgsdItem.h
  ..\..\Modules\AServer\AgsmItem\AgsmItem.h
          2 file(s) copied.
  ..\..\Modules\AServer\AgsmItemConvert\AgsmItemConvert.h
          1 file(s) copied.
  ..\..\Modules\AServer\AgsmItemManager\AgsmItemManager.h
          1 file(s) copied.
  ..\..\Modules\AServer\AgsmLog\AgsmLog.h
          1 file(s) copied.
  ..\..\Modules\AServer\AgsmLogin\AgsmLogin.h
          1 file(s) copied.
  ..\..\Modules\AServer\AgsmLoginClient\AgsmLoginClient.h
          1 file(s) copied.
  ..\..\Modules\AServer\AgsmLoginDB\AgsmCogpas.h
  ..\..\Modules\AServer\AgsmLoginDB\AgsmLoginDB.h
  ..\..\Modules\AServer\AgsmLoginDB\AgsmSessionMgr.h
          3 file(s) copied.
  ..\..\Modules\AServer\AgsmLoginServer\AgsmLoginServer.h
  ..\..\Modules\AServer\AgsmLoginServer\queue.h
          2 file(s) copied.
  ..\..\Modules\AServer\AgsmMailBox\AgsmMailBox.h
          1 file(s) copied.
  ..\..\Modules\AServer\AgsmMakeSQL\AgsmMakeSQL.h
          1 file(s) copied.
  ..\..\Modules\AServer\AgsmMap\AgsmMap.h
          1 file(s) copied.
  ..\..\Modules\AServer\AgsmNotification\AgsmNotification.h
          1 file(s) copied.
  ..\..\Modules\AServer\AgsmNpcManager\AgsdNpcManager.h
  ..\..\Modules\AServer\AgsmNpcManager\AgsmNpcManager.h
          2 file(s) copied.
  ..\..\Modules\AServer\AgsmObject\AgsdObject.h
  ..\..\Modules\AServer\AgsmObject\AgsmObject.h
          2 file(s) copied.
  ..\..\Modules\AServer\AgsmPacketMonitor\AgsmPacketMonitor.h
  ..\..\Modules\AServer\AgsmPacketMonitor\resource.h
  ..\..\Modules\AServer\AgsmPacketMonitor\StdAfx.h
          3 file(s) copied.
  ..\..\Modules\AServer\AgsmParty\AgsdParty.h
  ..\..\Modules\AServer\AgsmParty\AgsmParty.h
          2 file(s) copied.
  ..\..\Modules\AServer\AgsmPrivateTrade\AgsmPrivateTrade.h
          1 file(s) copied.
  ..\..\Modules\AServer\AgsmProduct\AgsaProduct.h
  ..\..\Modules\AServer\AgsmProduct\AgsdProduct.h
  ..\..\Modules\AServer\AgsmProduct\AgsmProduct.h
          3 file(s) copied.
  ..\..\Modules\AServer\AgsmPvP\AgsmPvP.h
          1 file(s) copied.
  ..\..\Modules\AServer\AgsmQuest\AgsdQuest.h
  ..\..\Modules\AServer\AgsmQuest\AgsmQuest.h
          2 file(s) copied.
  ..\..\Modules\AServer\AgsmRecruit\AgsmRecruit.h
          1 file(s) copied.
  ..\..\Modules\AServer\AgsmRecruitClient\AgsmRecruitClient.h
          1 file(s) copied.
  ..\..\Modules\AServer\AgsmRecruitServer\AgsmRecruitServer.h
          1 file(s) copied.
  ..\..\Modules\AServer\AgsmRecruitServerDB\AgsmRecruitServerDB.h
          1 file(s) copied.
  ..\..\Modules\AServer\AgsmRefinery\AgsdRefinery.h
  ..\..\Modules\AServer\AgsmRefinery\AgsmRefinery.h
          2 file(s) copied.
  ..\..\Modules\AServer\AgsmRelay\AgsmRelay.h
          1 file(s) copied.
  ..\..\Modules\AServer\AgsmRelay2\AgsdRelay2.h
  ..\..\Modules\AServer\AgsmRelay2\AgsmRelay2.h
  ..\..\Modules\AServer\AgsmRelay2\AgsmRelay2Skill.h
  ..\..\Modules\AServer\AgsmRelay2\AgspBankMoneyEdit.h
  ..\..\Modules\AServer\AgsmRelay2\AgspCashItemTimeExtend.h
  ..\..\Modules\AServer\AgsmRelay2\AgspCharismaPointEdit.h
          6 file(s) copied.
  ..\..\Modules\AServer\AgsmRemission\AgsmRemission.h
          1 file(s) copied.
  ..\..\Modules\AServer\AgsmReturnToLogin\AgsdAuthKey.h
  ..\..\Modules\AServer\AgsmReturnToLogin\AgsmReturnToLogin.h
          2 file(s) copied.
  ..\..\Modules\AServer\AgsmRide\AgsmRide.h
          1 file(s) copied.
  ..\..\Modules\AServer\AgsmSearch\AgsmSearch.h
          1 file(s) copied.
  ..\..\Modules\AServer\AgsmServerManager\AgsaServer.h
  ..\..\Modules\AServer\AgsmServerManager\AgsdServer.h
  ..\..\Modules\AServer\AgsmServerManager\AgsmServerManager.h
          3 file(s) copied.
  ..\..\Modules\AServer\AgsmServerManager2\AgsaServer2.h
  ..\..\Modules\AServer\AgsmServerManager2\AgsdServer2.h
  ..\..\Modules\AServer\AgsmServerManager2\AgsmServerManager2.h
          3 file(s) copied.
  ..\..\Modules\AServer\AgsmServerStatus\AgsmServerStatus.h
  ..\..\Modules\AServer\AgsmServerStatus\AgsmServerStatus_IOCPServer.h
          2 file(s) copied.
  ..\..\Modules\AServer\AgsmShrine\AgsdShrine.h
  ..\..\Modules\AServer\AgsmShrine\AgsmShrine.h
          2 file(s) copied.
  ..\..\Modules\AServer\AgsmSiegeWar\AgsmSiegeWar.h
          1 file(s) copied.
  ..\..\Modules\AServer\AgsmSkill\AgsdSkill.h
  ..\..\Modules\AServer\AgsmSkill\AgsmSkill.h
  ..\..\Modules\AServer\AgsmSkill\AgsmSkillEffect.h
  ..\..\Modules\AServer\AgsmSkill\AgspSkill.h
          4 file(s) copied.
  ..\..\Modules\AServer\AgsmSkillManager\AgsmSkillManager.h
          1 file(s) copied.
  ..\..\Modules\AServer\AgsmStartupEncryption\AgsmStartupEncryption.h
          1 file(s) copied.
  ..\..\Modules\AServer\AgsmSummons\AgsmSummons.h
          1 file(s) copied.
  ..\..\Modules\AServer\AgsmSystemInfo\AgsmSystemInfo.h
          1 file(s) copied.
  ..\..\Modules\AServer\AgsmSystemMessage\AgsmSystemMessage.h
          1 file(s) copied.
  ..\..\Modules\AServer\AgsmTax\AgsmTax.h
          1 file(s) copied.
  ..\..\Modules\AServer\AgsmTimer\AgsmTimer.h
          1 file(s) copied.
  ..\..\Modules\AServer\AgsmTitle\AgsmTitle.h
  ..\..\Modules\AServer\AgsmTitle\AgspTitleRelayPacket.h
          2 file(s) copied.
  ..\..\Modules\AServer\AgsmTrade\AgsdTrade.h
  ..\..\Modules\AServer\AgsmTrade\AgsmTrade.h
          2 file(s) copied.
  ..\..\Modules\AServer\AgsmUIStatus\AgsmUIStatus.h
          1 file(s) copied.
  ..\..\Modules\AServer\AgsmUnion\AgsmUnion.h
          1 file(s) copied.
  ..\..\Modules\AServer\AgsmUsedCharDataPool\AgsdUsedPoolList.h
  ..\..\Modules\AServer\AgsmUsedCharDataPool\AgsmUsedCharDataPool.h
          2 file(s) copied.
  ..\..\Modules\AServer\AgsmWantedCriminal\AgsmWantedCriminal.h
          1 file(s) copied.
  ..\..\Modules\AServer\AgsmWorld\AgsmWorld.h
          1 file(s) copied.
  ..\..\Modules\AServer\AgsmZoning\AgsdZoning.h
  ..\..\Modules\AServer\AgsmZoning\AgsmZoning.h
          2 file(s) copied.
cl : command line warning D9035: option 'Gm' has been deprecated and will be removed in a future release
  AgsModuleDBStream.cpp
  AgsGameProcess.cpp
  AgsEngine.cpp
  AuRegistry.cpp
  auDatabaseOLEDB.cpp
  auDatabaseODBC.cpp
  AuDatabaseOCI.cpp
  auDatabase.cpp
  AuDatabase2.cpp
  AgsmZoning.cpp
  AgsmWorld.cpp
  AgsmWantedCriminal.cpp
  AgsmUsedCharDataPool.cpp
  AgsmUIStatus.cpp
  AgsmTitle.cpp
  AgsmRelay2Title.cpp
  AgsmTimer.cpp
  AgsmTax.cpp
  AgsmSystemMessage.cpp
  AgsmSystemInfo.cpp
  Generating Code...
  Compiling...
  AgsmSummons.cpp
  AgsmStartupEncryption.cpp
  AgsmSkillMastery.cpp
  AgsmSkillEffect.cpp
  AgsmSkill.cpp
  AgsmSkillManager.cpp
  AgsmSiegeWar.cpp
  AgsmShrine.cpp
  AgsmServerStatus_IOCPServer.cpp
  AgsmServerStatus.cpp
  AgsmServerManager2.cpp
F:\Archlord\ALReborn\alef\Modules\AServer\AgsmServerManager2\AgsmServerManager2.cpp(971,5): warning C4267: 'argument': conversion from 'size_t' to 'unsigned long', possible loss of data
  AgsaServer2.cpp
  AgsmSearch.cpp
  AgsmRide.cpp
  AgsmReturnToLogin.cpp
  AgsdAuthKey.cpp
  AgsmRemission.cpp
  AgsmRelay2WantedCriminal.cpp
F:\Archlord\ALReborn\alef\Modules\AServer\AgsmRelay2\AgsmRelay2WantedCriminal.cpp(60,34): warning C4302: 'type cast': truncation from 'PVOID' to 'INT16'
  AgsmRelay2UIStatus.cpp
  AgsmRelay2Test.cpp
  Generating Code...
  Compiling...
  AgsmRelay2Skill.cpp
  AgsmRelay2SiegeWar.cpp
F:\Archlord\ALReborn\alef\Modules\AServer\AgsmRelay2\AgsmRelay2SiegeWar.cpp(125,34): warning C4302: 'type cast': truncation from 'PVOID' to 'INT16'
F:\Archlord\ALReborn\alef\Modules\AServer\AgsmRelay2\AgsmRelay2SiegeWar.cpp(335,34): warning C4302: 'type cast': truncation from 'PVOID' to 'INT16'
F:\Archlord\ALReborn\alef\Modules\AServer\AgsmRelay2\AgsmRelay2SiegeWar.cpp(582,34): warning C4302: 'type cast': truncation from 'PVOID' to 'INT16'
F:\Archlord\ALReborn\alef\Modules\AServer\AgsmRelay2\AgsmRelay2SiegeWar.cpp(825,34): warning C4302: 'type cast': truncation from 'PVOID' to 'INT16'
  AgsmRelay2Quest.cpp
F:\Archlord\ALReborn\alef\Modules\AServer\AgsmRelay2\AgsmRelay2Quest.cpp(109,52): warning C4302: 'type cast': truncation from 'PVOID' to 'INT16'
F:\Archlord\ALReborn\alef\Modules\AServer\AgsmRelay2\AgsmRelay2Quest.cpp(153,52): warning C4302: 'type cast': truncation from 'PVOID' to 'INT16'
  AgsmRelay2MailBox.cpp
F:\Archlord\ALReborn\alef\Modules\AServer\AgsmRelay2\AgsmRelay2MailBox.cpp(276,34): warning C4302: 'type cast': truncation from 'PVOID' to 'INT16'
F:\Archlord\ALReborn\alef\Modules\AServer\AgsmRelay2\AgsmRelay2MailBox.cpp(298,34): warning C4302: 'type cast': truncation from 'PVOID' to 'INT16'
  AgsmRelay2Log.cpp
  AgsmRelay2ItemConvert.cpp
  AgsmRelay2Item.cpp
  AgsmRelay2Guild.cpp
F:\Archlord\ALReborn\alef\Modules\AServer\AgsmRelay2\AgsmRelay2Guild.cpp(221,34): warning C4302: 'type cast': truncation from 'PVOID' to 'INT16'
F:\Archlord\ALReborn\alef\Modules\AServer\AgsmRelay2\AgsmRelay2Guild.cpp(240,34): warning C4302: 'type cast': truncation from 'PVOID' to 'INT16'
F:\Archlord\ALReborn\alef\Modules\AServer\AgsmRelay2\AgsmRelay2Guild.cpp(259,34): warning C4302: 'type cast': truncation from 'PVOID' to 'INT16'
F:\Archlord\ALReborn\alef\Modules\AServer\AgsmRelay2\AgsmRelay2Guild.cpp(278,34): warning C4302: 'type cast': truncation from 'PVOID' to 'INT16'
F:\Archlord\ALReborn\alef\Modules\AServer\AgsmRelay2\AgsmRelay2Guild.cpp(2008,18): warning C4476: 'sprintf' : unknown type field character '-' in format specifier
  AgsmRelay2EventSystem.cpp
  AgsmRelay2Custom.cpp
F:\Archlord\ALReborn\alef\Modules\AServer\AgsmRelay2\AgsmRelay2Custom.cpp(82,34): warning C4302: 'type cast': truncation from 'PVOID' to 'INT16'
  AgsmRelay2ConcurrentUser.cpp
  AgsmRelay2CharismaPointEdit.cpp
  AgsmRelay2Character.cpp
  AgsmRelay2CashItemTimeExtend.cpp
  AgsmRelay2CashItemBuyList.cpp
  AgsmRelay2Buddy.cpp
F:\Archlord\ALReborn\alef\Modules\AServer\AgsmRelay2\AgsmRelay2Buddy.cpp(295,34): warning C4302: 'type cast': truncation from 'PVOID' to 'INT16'
  AgsmRelay2BankMoneyEdit.cpp
  AgsmRelay2Archlord.cpp
F:\Archlord\ALReborn\alef\Modules\AServer\AgsmRelay2\AgsmRelay2Archlord.cpp(60,34): warning C4302: 'type cast': truncation from 'PVOID' to 'INT16'
F:\Archlord\ALReborn\alef\Modules\AServer\AgsmRelay2\AgsmRelay2Archlord.cpp(315,34): warning C4302: 'type cast': truncation from 'PVOID' to 'INT16'
  AgsmRelay2Admin.cpp
F:\Archlord\ALReborn\alef\Modules\AServer\AgsmRelay2\AgsmRelay2Admin.cpp(126,33): warning C4302: 'type cast': truncation from 'PVOID' to 'INT16'
  AgsmRelay2AccountWorld.cpp
  Generating Code...
  Compiling...
  AgsmRelay2.cpp
F:\Archlord\ALReborn\alef\Modules\AServer\AgsmRelay2\AgsmRelay2.cpp(1297,34): warning C4302: 'type cast': truncation from 'PVOID' to 'INT16'
F:\Archlord\ALReborn\alef\Modules\AServer\AgsmRelay2\AgsmRelay2.cpp(1554,48): warning C4313: 'sprintf_s': '%d' in format string conflicts with argument 2 of type 'PVOID'
F:\Archlord\ALReborn\alef\Modules\AServer\AgsmRelay2\AgsmRelay2.cpp(1730,34): warning C4302: 'type cast': truncation from 'PVOID' to 'INT16'
F:\Archlord\ALReborn\alef\Modules\AServer\AgsmRelay2\AgsmRelay2.cpp(1816,41): warning C4302: 'type cast': truncation from 'PVOID' to 'INT16'
  AgsmRefinery.cpp
  AgsmQuest.cpp
  AgsdQuest.cpp
  AgsmPvP.cpp
F:\Archlord\ALReborn\alef\Modules\AServer\AgsmPvP\AgsmPvP.cpp(581,57): warning C4267: 'initializing': conversion from 'size_t' to 'INT32', possible loss of data
F:\Archlord\ALReborn\alef\Modules\AServer\AgsmPvP\AgsmPvP.cpp(609,62): warning C4267: 'initializing': conversion from 'size_t' to 'INT32', possible loss of data
  AgsmProduct.cpp
  AgsaProduct.cpp
  AgsmPrivateTrade.cpp
  AgsmParty.cpp
F:\Archlord\ALReborn\alef\Modules\AServer\AgsmParty\AgsmParty.cpp(1788,86): warning C4302: 'type cast': truncation from 'PVOID' to 'INT16'
F:\Archlord\ALReborn\alef\Modules\AServer\AgsmParty\AgsmParty.cpp(1792,90): warning C4302: 'type cast': truncation from 'PVOID' to 'INT16'
  AgsmObject.cpp
  AgsmNpcManager.cpp
  AgsmMap.cpp
  AgsmMailBox.cpp
  AgsmLog.cpp
  AgsmLogin.cpp
  AgsmLoginServer.cpp
  AgsmCogpas.cpp
  AgsmLoginClient.cpp
  AgsmItemPacket.cpp
  AgsmItemCB.cpp
  Generating Code...
  Compiling...
  AgsmItem.cpp
  AgsmItemManager.cpp
  AgsmItemConvert.cpp
  AgsmInterServerLink.cpp
  AgsmGuild.cpp
  AgsmGuildWarehouse.cpp
  AgsmGlobalChatting.cpp
  AgsmGKforPCRoom.cpp
  AgsmGameholic.cpp
  AgsmGamble.cpp
  AgsmFactors.cpp
  AgsmEventUvUReward.cpp
  AgsmEventTeleport.cpp
  AgsmEventSystem.cpp
  AgsmEventSpawn.cpp
  AgsmEventSkillMaster.cpp
F:\Archlord\ALReborn\alef\Modules\AServer\AgsmEventSkillMaster\AgsmEventSkillMaster.cpp(518,23): warning C4838: conversion from 'double' to 'CHAR' requires a narrowing conversion
  AgsmEventSiegeWarNPC.cpp
  AgsmEventRefinery.cpp
  AgsmEventQuest.cpp
  AgsmEventProduct.cpp
  Generating Code...
  Compiling...
  AgsmEventNPCTrade.cpp
F:\Archlord\ALReborn\alef\Modules\AServer\AgsmEventNPCTrade\AgsmEventNPCTrade.cpp(212,50): warning C4313: 'sprintf_s': '%s' in format string conflicts with argument 2 of type 'int'
  AgsmEventNPCDialog.cpp
  AgsmEventNature.cpp
  AgsmEventManager.cpp
  AgsmEventItemRepair.cpp
  AgsmEventItemConvert.cpp
  AgsmEventGuild.cpp
  AgsmEventGacha.cpp
  AgsmEventCharCustomize.cpp
  AgsmEventBank.cpp
  AgsmEpicZone.cpp
  AgsmDropItem.cpp
  AgsmDropItem2.cpp
  AgsmDeath.cpp
  zzThread.cpp
  IOCPDatabase.cpp
  AgsmDatabasePool.cpp
  AgsdDatabase.cpp
  AgsmDatabaseConfig.cpp
  AgsmConfig.cpp
  Generating Code...
  Compiling...
  AgsmCombat.cpp
F:\Archlord\ALReborn\alef\Modules\AServer\AgsmCombat\AgsmCombat.cpp(368,42): warning C4302: 'type cast': truncation from 'PVOID' to 'UINT8'
  AgsmChatting.cpp
  AgsmCharManager.cpp
  AgsmCharacterWaitOperation.cpp
  AgsmCharacterPacket.cpp
  AgsmCharacterCheckRecvChar.cpp
  AgsmCharacterCB.cpp
  AgsmCharacter.cpp
  AgsmChannel.cpp
  AgsmCastle.cpp
  AgsmCasper.cpp
  AgsmCashMall.cpp
F:\Archlord\ALReborn\alef\Modules\AServer\AgsmCashMall\AgsmCashMall.cpp(164,51): warning C4302: 'type cast': truncation from 'PVOID' to 'UINT8'
  AgsmBuddy.cpp
  AgsmBilling.cpp
  AgsaBilling.cpp
  AgsmBillingJapan.cpp
  AgsmBillingGlobal.cpp
  CallbackFunc.cpp
  BillAPI.cpp
  AgsmBillingChina.cpp
  Generating Code...
  Compiling...
  AgsmBillInfo.cpp
  AgsmBattleGround.cpp
  AgsmAuction.cpp
F:\Archlord\ALReborn\alef\Modules\AServer\AgsmAuction\AgsmAuction.cpp(644,34): warning C4302: 'type cast': truncation from 'PVOID' to 'INT16'
F:\Archlord\ALReborn\alef\Modules\AServer\AgsmAuction\AgsmAuction.cpp(657,34): warning C4302: 'type cast': truncation from 'PVOID' to 'INT16'
F:\Archlord\ALReborn\alef\Modules\AServer\AgsmAuction\AgsmAuction.cpp(670,34): warning C4302: 'type cast': truncation from 'PVOID' to 'INT16'
F:\Archlord\ALReborn\alef\Modules\AServer\AgsmAuction\AgsmAuction.cpp(683,34): warning C4302: 'type cast': truncation from 'PVOID' to 'INT16'
F:\Archlord\ALReborn\alef\Modules\AServer\AgsmAuction\AgsmAuction.cpp(696,34): warning C4302: 'type cast': truncation from 'PVOID' to 'INT16'
F:\Archlord\ALReborn\alef\Modules\AServer\AgsmAuction\AgsmAuction.cpp(1144,34): warning C4302: 'type cast': truncation from 'PVOID' to 'INT16'
F:\Archlord\ALReborn\alef\Modules\AServer\AgsmAuction\AgsmAuction.cpp(1244,34): warning C4302: 'type cast': truncation from 'PVOID' to 'INT16'
  AgsmAuctionRelay.cpp
F:\Archlord\ALReborn\alef\Modules\AServer\AgsmAuctionRelay\AgsmAuctionRelay.cpp(934,34): warning C4302: 'type cast': truncation from 'PVOID' to 'INT16'
  AgsdAuctionRelay.cpp
  AgsaAuctionRelay.cpp
  AgsmAreaChatting.cpp
F:\Archlord\ALReborn\alef\Modules\AServer\AgsmAreaChatting\AgsmAreaChatting.cpp(287,55): warning C4302: 'type cast': truncation from 'PVOID' to 'UINT16'
  AgsmArchlord.cpp
  AgsmAOIMap.cpp
  AgsmAOIFilter.cpp
  AgsmAOICell.cpp
  AgsmNPCAI2.cpp
  AgsmAI2.cpp
  AgsmAdminTitle.cpp
  AgsmAdminStatistic.cpp
  AgsmAdminSkill.cpp
  AgsmAdminItem.cpp
  AgsmAdminGuild.cpp
  AgsmAdminCommand.cpp
F:\Archlord\ALReborn\alef\Modules\AServer\AgsmAdmin\AgsmAdminCommand.cpp(3429,48): warning C4018: '<': signed/unsigned mismatch
F:\Archlord\ALReborn\alef\Modules\AServer\AgsmAdmin\AgsmAdminCommand.cpp(3557,22): warning C4018: '<': signed/unsigned mismatch
  AgsmAdminCharacter.cpp
  Generating Code...
F:\Archlord\ALReborn\alef\Modules\AServer\AgsmBillInfo\AgsmBillInfo.cpp(64): warning C4715: 'AgsmBillInfo::CBSendCharacterAllInfo': not all control paths return a value
  Compiling...
  AgsmAdmin.cpp
  AgsmAccountManager.cpp
F:\Archlord\ALReborn\alef\Modules\AServer\AgsmAccountManager\AgsmAccountManager.cpp(143,47): warning C4018: '<': signed/unsigned mismatch
  AgsaAccountManager.cpp
  Generating Code...
C:\Program Files\Microsoft Visual Studio\2022\Community\MSBuild\Microsoft\VC\v170\Microsoft.CppBuild.targets(1553,5): warning MSB8012: TargetPath(F:\Archlord\ALReborn\alef\Projects\AgsModules\Debug\x64\AgsModules.lib) does not match the Library's OutputFile property value (F:\Archlord\ALReborn\alef\lib\Debug\AgsModulesD_x64.lib). This may cause your project to build incorrectly. To correct this, please make sure that $(OutDir), $(TargetName) and $(TargetExt) property values match the value specified in %(Lib.OutputFile).
C:\Program Files\Microsoft Visual Studio\2022\Community\MSBuild\Microsoft\VC\v170\Microsoft.CppBuild.targets(1555,5): warning MSB8012: TargetName(AgsModules) does not match the Library's OutputFile property value (AgsModulesD_x64). This may cause your project to build incorrectly. To correct this, please make sure that $(OutDir), $(TargetName) and $(TargetExt) property values match the value specified in %(Lib.OutputFile).
LINK : warning LNK4044: unrecognized option '/Gh'; ignored
LINK : warning LNK4044: unrecognized option '/GH'; ignored
  AgsModules.vcxproj -> F:\Archlord\ALReborn\alef\Projects\AgsModules\Debug\x64\AgsModules.lib
