cl : command line warning D9035: option 'Gm' has been deprecated and will be removed in a future release
  XportTool.cpp
F:\Archlord\ALReborn\alef\Include\ApDefine.h(137,14): warning C4244: 'return': conversion from 'double' to 'FLOAT', possible loss of data
F:\Archlord\ALReborn\alef\Include\ApDefine.h(142,14): warning C4244: 'return': conversion from 'double' to 'FLOAT', possible loss of data
F:\Archlord\ALReborn\alef\Include\ApDefine.h(189,48): warning C4244: '=': conversion from 'double' to 'float', possible loss of data
F:\Archlord\ALReborn\alef\Include\ApDefine.h(190,49): warning C4244: '=': conversion from 'double' to 'float', possible loss of data
F:\Archlord\ALReborn\alef\Include\ApDefine.h(209,24): warning C4244: '=': conversion from 'double' to 'float', possible loss of data
F:\Archlord\ALReborn\alef\Include\ApDefine.h(313,22): warning C4244: 'initializing': conversion from 'double' to 'FLOAT', possible loss of data
F:\Archlord\ALReborn\alef\Include\ApDefine.h(402,22): warning C4244: 'initializing': conversion from 'double' to 'float', possible loss of data
F:\Archlord\ALReborn\alef\Include\AcuTexture.h(9,10): fatal error C1083: Cannot open include file: 'd3dx9.h': No such file or directory
  stdafx.cpp
  RenderWare.cpp
F:\Archlord\ALReborn\alef\Include\effect.h(36,10): fatal error C1083: Cannot open include file: 'd3dx9.h': No such file or directory
  AgcEngineXT.cpp
F:\Archlord\ALReborn\alef\Include\ApDefine.h(137,14): warning C4244: 'return': conversion from 'double' to 'FLOAT', possible loss of data
F:\Archlord\ALReborn\alef\Include\ApDefine.h(142,14): warning C4244: 'return': conversion from 'double' to 'FLOAT', possible loss of data
F:\Archlord\ALReborn\alef\Include\ApDefine.h(189,48): warning C4244: '=': conversion from 'double' to 'float', possible loss of data
F:\Archlord\ALReborn\alef\Include\ApDefine.h(190,49): warning C4244: '=': conversion from 'double' to 'float', possible loss of data
F:\Archlord\ALReborn\alef\Include\ApDefine.h(209,24): warning C4244: '=': conversion from 'double' to 'float', possible loss of data
F:\Archlord\ALReborn\alef\Include\ApDefine.h(313,22): warning C4244: 'initializing': conversion from 'double' to 'FLOAT', possible loss of data
F:\Archlord\ALReborn\alef\Include\ApDefine.h(402,22): warning C4244: 'initializing': conversion from 'double' to 'float', possible loss of data
F:\Archlord\ALReborn\alef\Include\AcuTexture.h(9,10): fatal error C1083: Cannot open include file: 'd3dx9.h': No such file or directory
  Generating Code...
