  헤더 파일들을 복사합니다...
  ..\..\Modules\APublic\AgpmAdmin\AgpdAdmin.h
  ..\..\Modules\APublic\AgpmAdmin\AgpmAdmin.h
  ..\..\Modules\APublic\AgpmAdmin\AgppAdmin.h
          3 file(s) copied.
  ..\..\Modules\APublic\AgpmAI\AgpaAI.h
  ..\..\Modules\APublic\AgpmAI\AgpdAI.h
  ..\..\Modules\APublic\AgpmAI\AgpmAI.h
          3 file(s) copied.
  ..\..\Modules\APublic\AgpmAI2\AgpaAI2.h
  ..\..\Modules\APublic\AgpmAI2\AgpdAI2.h
  ..\..\Modules\APublic\AgpmAI2\AgpmAI2.h
          3 file(s) copied.
  ..\..\Modules\APublic\AgpmArchlord\AgpmArchlord.h
          1 file(s) copied.
  ..\..\Modules\APublic\AgpmAreaChatting\AgpmAreaChatting.h
          1 file(s) copied.
  ..\..\Modules\APublic\AgpmAuction\AgpaAuction.h
  ..\..\Modules\APublic\AgpmAuction\AgpdAuction.h
  ..\..\Modules\APublic\AgpmAuction\AgpmAuction.h
          3 file(s) copied.
  ..\..\Modules\APublic\AgpmAuctionCategory\AgpmAuctionCategory.h
          1 file(s) copied.
  ..\..\Modules\APublic\AgpmBattleGround\AgpmBattleGround.h
  ..\..\Modules\APublic\AgpmBattleGround\AgppBattleGround.h
          2 file(s) copied.
  ..\..\Modules\APublic\AgpmBillInfo\AgpdBillInfo.h
  ..\..\Modules\APublic\AgpmBillInfo\AgpmBillInfo.h
  ..\..\Modules\APublic\AgpmBillInfo\AgppBillInfo.h
          3 file(s) copied.
  ..\..\Modules\APublic\AgpmBuddy\AgpdBuddy.h
  ..\..\Modules\APublic\AgpmBuddy\AgpmBuddy.h
          2 file(s) copied.
  ..\..\Modules\APublic\AgpmCashMall\AgpdCashMall.h
  ..\..\Modules\APublic\AgpmCashMall\AgpmCashMall.h
  ..\..\Modules\APublic\AgpmCashMall\AgppCashMall.h
          3 file(s) copied.
  ..\..\Modules\APublic\AgpmCasper\AgpmCasper.h
          1 file(s) copied.
  ..\..\Modules\APublic\AgpmCastle\AgpmCastle.h
          1 file(s) copied.
  ..\..\Modules\APublic\AgpmChannel\AgpaChannel.h
  ..\..\Modules\APublic\AgpmChannel\AgpdChannel.h
  ..\..\Modules\APublic\AgpmChannel\AgpmChannel.h
          3 file(s) copied.
  ..\..\Modules\APublic\AgpmCharacter\AgpaCharacter.h
  ..\..\Modules\APublic\AgpmCharacter\AgpaCharacterTemplate.h
  ..\..\Modules\APublic\AgpmCharacter\AgpdCharacter.h
  ..\..\Modules\APublic\AgpmCharacter\AgpdCharacterImportData.h
  ..\..\Modules\APublic\AgpmCharacter\AgpmCharacter.h
  ..\..\Modules\APublic\AgpmCharacter\AgppCharacter.h
  ..\..\Modules\APublic\AgpmCharacter\ApAutoLockCharacter.h
          7 file(s) copied.
  ..\..\Modules\APublic\AgpmChatting\AgpdChatting.h
  ..\..\Modules\APublic\AgpmChatting\AgpmChatting.h
          2 file(s) copied.
  ..\..\Modules\APublic\AgpmCombat\AgpmCombat.h
          1 file(s) copied.
  ..\..\Modules\APublic\AgpmConfig\AgpmConfig.h
          1 file(s) copied.
  ..\..\Modules\APublic\AgpmDropItem\AgpaDropItem.h
  ..\..\Modules\APublic\AgpmDropItem\AgpdDropItem.h
  ..\..\Modules\APublic\AgpmDropItem\AgpmDropItem.h
          3 file(s) copied.
  ..\..\Modules\APublic\AgpmDropItem2\AgpdDropItem2.h
  ..\..\Modules\APublic\AgpmDropItem2\AgpmDropItem2.h
          2 file(s) copied.
  ..\..\Modules\APublic\AgpmEpicZone\AgpmEpicZone.h
          1 file(s) copied.
  ..\..\Modules\APublic\AgpmEventBank\AgpmEventBank.h
          1 file(s) copied.
  ..\..\Modules\APublic\AgpmEventBinding\AgpaEventBinding.h
  ..\..\Modules\APublic\AgpmEventBinding\AgpdEventBinding.h
  ..\..\Modules\APublic\AgpmEventBinding\AgpmEventBinding.h
          3 file(s) copied.
  ..\..\Modules\APublic\AgpmEventCharCustomize\AgpmEventCharCustomize.h
          1 file(s) copied.
  ..\..\Modules\APublic\AgpmEventCook\AgpmEventCook.h
          1 file(s) copied.
  ..\..\Modules\APublic\AgpmEventFactors\AgpmEventFactors.h
          1 file(s) copied.
  ..\..\Modules\APublic\AgpmEventGacha\AgpdEventGacha.h
  ..\..\Modules\APublic\AgpmEventGacha\AgpmEventGacha.h
          2 file(s) copied.
  ..\..\Modules\APublic\AgpmEventGuild\AgpmEventGuild.h
          1 file(s) copied.
  ..\..\Modules\APublic\AgpmEventItemConvert\AgpmEventItemConvert.h
          1 file(s) copied.
  ..\..\Modules\APublic\AgpmEventItemRepair\AgpmEventItemRepair.h
          1 file(s) copied.
  ..\..\Modules\APublic\AgpmEventNature\AgpdEventNature.h
  ..\..\Modules\APublic\AgpmEventNature\AgpmEventNature.h
          2 file(s) copied.
  ..\..\Modules\APublic\AgpmEventNPCDialog\AgpdEventNPCDialog.h
  ..\..\Modules\APublic\AgpmEventNPCDialog\AgpmEventNPCDialog.h
  ..\..\Modules\APublic\AgpmEventNPCDialog\AgppEventNPCDialog.h
          3 file(s) copied.
  ..\..\Modules\APublic\AgpmEventNPCTrade\AgpdEventNPCTrade.h
  ..\..\Modules\APublic\AgpmEventNPCTrade\AgpmEventNPCTrade.h
          2 file(s) copied.
  ..\..\Modules\APublic\AgpmEventPointLight\AgpmEventPointLight.h
          1 file(s) copied.
  ..\..\Modules\APublic\AgpmEventProduct\AgpmEventProduct.h
          1 file(s) copied.
  ..\..\Modules\APublic\AgpmEventQuest\AgpmEventQuest.h
          1 file(s) copied.
  ..\..\Modules\APublic\AgpmEventRefinery\AgpmEventRefinery.h
          1 file(s) copied.
  ..\..\Modules\APublic\AgpmEventSiegeWarNPC\AgpmEventSiegeWarNPC.h
          1 file(s) copied.
  ..\..\Modules\APublic\AgpmEventSkillMaster\AgpdEventSkillMaster.h
  ..\..\Modules\APublic\AgpmEventSkillMaster\AgpmEventSkillMaster.h
  ..\..\Modules\APublic\AgpmEventSkillMaster\AgpmEventSkillMasterEvolution.h
          3 file(s) copied.
  ..\..\Modules\APublic\AgpmEventSpawn\AgpaSpawnGroup.h
  ..\..\Modules\APublic\AgpmEventSpawn\AgpdEventSpawn.h
  ..\..\Modules\APublic\AgpmEventSpawn\AgpmEventSpawn.h
          3 file(s) copied.
  ..\..\Modules\APublic\AgpmEventTeleport\AgpdEventTeleport.h
  ..\..\Modules\APublic\AgpmEventTeleport\AgpmEventTeleport.h
          2 file(s) copied.
  ..\..\Modules\APublic\AgpmEventUvUReward\AgpdEventUvUReward.h
  ..\..\Modules\APublic\AgpmEventUvUReward\AgpmEventUvUReward.h
          2 file(s) copied.
  ..\..\Modules\APublic\AgpmFactors\AgpdFactors.h
  ..\..\Modules\APublic\AgpmFactors\AgpmFactors.h
          2 file(s) copied.
  ..\..\Modules\APublic\AgpmGamble\AgpdGamble.h
  ..\..\Modules\APublic\AgpmGamble\AgpmGamble.h
          2 file(s) copied.
  ..\..\Modules\APublic\AgpmGrid\AgpdGrid.h
  ..\..\Modules\APublic\AgpmGrid\AgpmGrid.h
          2 file(s) copied.
  ..\..\Modules\APublic\AgpmGuild\AgpaGuild.h
  ..\..\Modules\APublic\AgpmGuild\AgpdGuild.h
  ..\..\Modules\APublic\AgpmGuild\AgpmGuild.h
  ..\..\Modules\APublic\AgpmGuild\AgppGuild.h
          4 file(s) copied.
  ..\..\Modules\APublic\AgpmGuildWarehouse\AgpdGuildWarehouse.h
  ..\..\Modules\APublic\AgpmGuildWarehouse\AgpmGuildWarehouse.h
          2 file(s) copied.
  ..\..\Modules\APublic\AgpmItem\AgpaItem.h
  ..\..\Modules\APublic\AgpmItem\AgpdItem.h
  ..\..\Modules\APublic\AgpmItem\AgpdItemImportData.h
  ..\..\Modules\APublic\AgpmItem\AgpdItemOptionTemplate.h
  ..\..\Modules\APublic\AgpmItem\AgpdItemTemplate.h
  ..\..\Modules\APublic\AgpmItem\AgpmItem.h
  ..\..\Modules\APublic\AgpmItem\AgpmItemGrid.h
  ..\..\Modules\APublic\AgpmItem\AgppItem.h
  ..\..\Modules\APublic\AgpmItem\ApdItem.h
  ..\..\Modules\APublic\AgpmItem\ApdItemTemplate.h
         10 file(s) copied.
  ..\..\Modules\APublic\AgpmItemConvert\AgpdItemConvert.h
  ..\..\Modules\APublic\AgpmItemConvert\AgpmItemConvert.h
  ..\..\Modules\APublic\AgpmItemConvert\AgpmItemConvertStream.h
          3 file(s) copied.
  ..\..\Modules\APublic\AgpmLog\AgpdLog.h
  ..\..\Modules\APublic\AgpmLog\AgpmLog.h
          2 file(s) copied.
  ..\..\Modules\APublic\AgpmLogin\AgpmLogin.h
          1 file(s) copied.
  ..\..\Modules\APublic\AgpmMailBox\AgpaMailBox.h
  ..\..\Modules\APublic\AgpmMailBox\AgpdMailBox.h
  ..\..\Modules\APublic\AgpmMailBox\AgpmMailBox.h
          3 file(s) copied.
  ..\..\Modules\APublic\AgpmMonsterPath\AgpdMonsterPath.h
  ..\..\Modules\APublic\AgpmMonsterPath\AgpmMonsterPath.h
          2 file(s) copied.
  ..\..\Modules\APublic\AgpmNatureEffect\AgpmNatureEffect.h
          1 file(s) copied.
  ..\..\Modules\APublic\AgpmOptimizedPacket2\AgpmOptimizedPacket2.h
          1 file(s) copied.
  ..\..\Modules\APublic\AgpmParty\AgpaParty.h
  ..\..\Modules\APublic\AgpmParty\AgpdParty.h
  Access is denied.
  ..\..\Modules\APublic\AgpmParty\AgpmParty.h
          2 file(s) copied.
  ..\..\Modules\APublic\AgpmPathFind\AgpdPathFind.h
  ..\..\Modules\APublic\AgpmPathFind\AgpmPathFind.h
  ..\..\Modules\APublic\AgpmPathFind\SpecializeListPathFind.h
          3 file(s) copied.
  ..\..\Modules\APublic\AgpmProduct\AgpaProduct.h
  Access is denied.
  ..\..\Modules\APublic\AgpmProduct\AgpdProduct.h
  ..\..\Modules\APublic\AgpmProduct\AgpmProduct.h
  Access is denied.
          1 file(s) copied.
  ..\..\Modules\APublic\AgpmPvP\AgpdPvP.h
  Access is denied.
  ..\..\Modules\APublic\AgpmPvP\AgpmPvP.h
          1 file(s) copied.
  ..\..\Modules\APublic\AgpmQuest\AgpaQuestGroup.h
  Access is denied.
  ..\..\Modules\APublic\AgpmQuest\AgpaQuestTemplate.h
  ..\..\Modules\APublic\AgpmQuest\AgpdQuest.h
  Access is denied.
  ..\..\Modules\APublic\AgpmQuest\AgpdQuestFlag.h
  Access is denied.
  Access is denied.
  ..\..\Modules\APublic\AgpmQuest\AgpdQuestTemplate.h
  Access is denied.
  ..\..\Modules\APublic\AgpmQuest\AgpmQuest.h
  ..\..\Modules\APublic\AgpmQuest\AgpmQuestStringTable.h
  Access is denied.
  Access is denied.
          0 file(s) copied.
  ..\..\Modules\APublic\AgpmRecruit\AgpmRecruit.h
  Access is denied.
          0 file(s) copied.
  ..\..\Modules\APublic\AgpmRefinery\AgpaRefinery.h
  Access is denied.
  ..\..\Modules\APublic\AgpmRefinery\AgpdRefinery.h
  Access is denied.
  ..\..\Modules\APublic\AgpmRefinery\AgpmRefinery.h
  Access is denied.
          0 file(s) copied.
  ..\..\Modules\APublic\AgpmRemission\AgpmRemission.h
  Access is denied.
          0 file(s) copied.
  ..\..\Modules\APublic\AgpmResourceInfo\AgpmResourceInfo.h
  Access is denied.
          0 file(s) copied.
  ..\..\Modules\APublic\AgpmReturnToLogin\AgpmReturnToLogin.h
  Access is denied.
          0 file(s) copied.
  ..\..\Modules\APublic\AgpmRide\AgpmRide.h
  Access is denied.
          0 file(s) copied.
  ..\..\Modules\APublic\AgpmScript\AgpmScript.h
  Access is denied.
          0 file(s) copied.
  ..\..\Modules\APublic\AgpmSearch\AgpdSearch.h
  Access is denied.
  ..\..\Modules\APublic\AgpmSearch\AgpmSearch.h
  Access is denied.
          0 file(s) copied.
  ..\..\Modules\APublic\AgpmShrine\AgpaShrine.h
  Access is denied.
  ..\..\Modules\APublic\AgpmShrine\AgpaShrineTemplate.h
  Access is denied.
  ..\..\Modules\APublic\AgpmShrine\AgpdShrine.h
  Access is denied.
  ..\..\Modules\APublic\AgpmShrine\AgpmShrine.h
  Access is denied.
          0 file(s) copied.
  ..\..\Modules\APublic\AgpmSiegeWar\AgpdSiegeWar.h
  Access is denied.
  ..\..\Modules\APublic\AgpmSiegeWar\AgpmSiegeWar.h
  Access is denied.
          0 file(s) copied.
  ..\..\Modules\APublic\AgpmSkill\AgpaSkill.h
  Access is denied.
  ..\..\Modules\APublic\AgpmSkill\AgpaSkillProductTemplate.h
  Access is denied.
  ..\..\Modules\APublic\AgpmSkill\AgpaSkillSpecializeTemplate.h
  ..\..\Modules\APublic\AgpmSkill\AgpaSkillTemplate.h
  Access is denied.
  ..\..\Modules\APublic\AgpmSkill\AgpaSkillTooltipTemplate.h
  Access is denied.
  ..\..\Modules\APublic\AgpmSkill\AgpdSkill.h
  Access is denied.
  Access is denied.
  ..\..\Modules\APublic\AgpmSkill\AgpdSkillImportData.h
  ..\..\Modules\APublic\AgpmSkill\AgpdSkillProduct.h
  Access is denied.
  Access is denied.
  ..\..\Modules\APublic\AgpmSkill\AgpmSkill.h
  Access is denied.
          0 file(s) copied.
  ..\..\Modules\APublic\AgpmStartupEncryption\AgpmStartupEncryption.h
  Access is denied.
          0 file(s) copied.
  ..\..\Modules\APublic\AgpmSummons\AgpdSummons.h
  Access is denied.
  ..\..\Modules\APublic\AgpmSummons\AgpmSummons.h
  Access is denied.
          0 file(s) copied.
  ..\..\Modules\APublic\AgpmSystemMessage\AgpdSystemMessage.h
  Access is denied.
  ..\..\Modules\APublic\AgpmSystemMessage\AgpmSystemMessage.h
  Access is denied.
          0 file(s) copied.
  ..\..\Modules\APublic\AgpmTax\AgpdTax.h
  Access is denied.
  ..\..\Modules\APublic\AgpmTax\AgpmTax.h
  Access is denied.
          0 file(s) copied.
  ..\..\Modules\APublic\AgpmTimer\AgpdTimer.h
  Access is denied.
  ..\..\Modules\APublic\AgpmTimer\AgpmTimer.h
  Access is denied.
          0 file(s) copied.
  ..\..\Modules\APublic\AgpmTitle\AgpaTitle.h
  Access is denied.
  ..\..\Modules\APublic\AgpmTitle\AgpdTitle.h
  Access is denied.
  ..\..\Modules\APublic\AgpmTitle\AgpdTitleQuest.h
  Access is denied.
  ..\..\Modules\APublic\AgpmTitle\AgpdTitleTemplate.h
  ..\..\Modules\APublic\AgpmTitle\AgpmTitle.h
  Access is denied.
  Access is denied.
  ..\..\Modules\APublic\AgpmTitle\agppTitle.h
  Access is denied.
          0 file(s) copied.
  ..\..\Modules\APublic\AgpmTransform\AgpmTransform.h
  Access is denied.
          0 file(s) copied.
  ..\..\Modules\APublic\AgpmUIStatus\AgpdUIStatus.h
  Access is denied.
  ..\..\Modules\APublic\AgpmUIStatus\AgpmUIStatus.h
  Access is denied.
          0 file(s) copied.
  ..\..\Modules\APublic\AgpmUnion\AgpmUnion.h
  Access is denied.
          0 file(s) copied.
  ..\..\Modules\APublic\AgpmWantedCriminal\AgpdWantedCriminal.h
  Access is denied.
  ..\..\Modules\APublic\AgpmWantedCriminal\AgpmWantedCriminal.h
  Access is denied.
          0 file(s) copied.
  ..\..\Modules\APublic\AgpmWorld\AgpmWorld.h
  Access is denied.
          0 file(s) copied.
  ..\..\Modules\APublic\ApAdmin\ApAdmin.h
  Access is denied.
  ..\..\Modules\APublic\ApAdmin\ApArray.h
  Access is denied.
  ..\..\Modules\APublic\ApAdmin\ApSet.h
  Access is denied.
  ..\..\Modules\APublic\ApAdmin\ApSort.h
  Access is denied.
          0 file(s) copied.
  ..\..\Modules\APublic\ApBase\ApBase.h
  Access is denied.
  ..\..\Modules\APublic\ApBase\ApDefine.h
  Access is denied.
  ..\..\Modules\APublic\ApBase\ApLockManager.h
  Access is denied.
  ..\..\Modules\APublic\ApBase\ApMemoryChecker.h
  ..\..\Modules\APublic\ApBase\ApMutualEx.h
  Access is denied.
  Access is denied.
  ..\..\Modules\APublic\ApBase\ApRWLock.h
  ..\..\Modules\APublic\ApBase\ApSafeArray.h
  Access is denied.
  ..\..\Modules\APublic\ApBase\ApString.h
  Access is denied.
  Access is denied.
  ..\..\Modules\APublic\ApBase\ApUtil.h
  Access is denied.
  ..\..\Modules\APublic\ApBase\ApVector.h
  Access is denied.
  ..\..\Modules\APublic\ApBase\AuEzSTL.h
  Access is denied.
  ..\..\Modules\APublic\ApBase\CSLog.h
  Access is denied.
  ..\..\Modules\APublic\ApBase\MagDebug.h
  Access is denied.
  ..\..\Modules\APublic\ApBase\NoMemoryChecker.h
  Access is denied.
          0 file(s) copied.
  ..\..\Modules\APublic\ApIOCPDispatcher\ApIOCP.h
  Access is denied.
  ..\..\Modules\APublic\ApIOCPDispatcher\ApIOCPDispatcher.h
  Access is denied.
          0 file(s) copied.
  ..\..\Modules\APublic\ApMemory\ApHeap.h
  Access is denied.
  ..\..\Modules\APublic\ApMemory\ApMemory.h
  Access is denied.
  ..\..\Modules\APublic\ApMemory\ApMemoryAllocator.h
  Access is denied.
  ..\..\Modules\APublic\ApMemory\ApMemoryManager.h
  ..\..\Modules\APublic\ApMemory\ApMemoryPool.h
  Access is denied.
  Access is denied.
  ..\..\Modules\APublic\ApMemory\AuSharedMemory.h
  Access is denied.
  Access is denied.
          0 file(s) copied.
  ..\..\Modules\APublic\ApMemoryTracker\ApCRTHeader.h
  ..\..\Modules\APublic\ApMemoryTracker\ApMemoryTracker.h
  Access is denied.
          0 file(s) copied.
  ..\..\Modules\APublic\ApmEventManager\ApaEvent.h
  Access is denied.
  ..\..\Modules\APublic\ApmEventManager\ApdEvent.h
  Access is denied.
  ..\..\Modules\APublic\ApmEventManager\ApmEventManager.h
  Access is denied.
          0 file(s) copied.
  ..\..\Modules\APublic\ApmEventManagerDlg\ApmEventConditionDlg.h
  Access is denied.
  ..\..\Modules\APublic\ApmEventManagerDlg\ApmEventListDlg.h
  ..\..\Modules\APublic\ApmEventManagerDlg\ApmEventManagerDlg.h
  Access is denied.
  Access is denied.
  ..\..\Modules\APublic\ApmEventManagerDlg\resource.h
  ..\..\Modules\APublic\ApmEventManagerDlg\StdAfx.h
          2 file(s) copied.
  ..\..\Modules\APublic\ApmFactors\ApmFactors.h
  Access is denied.
          0 file(s) copied.
  ..\..\Modules\APublic\ApmMap\ApMapBlocking.h
  Access is denied.
  ..\..\Modules\APublic\ApmMap\ApmMap.h
  Access is denied.
  ..\..\Modules\APublic\ApmMap\ApWorldSector.h
  Access is denied.
  ..\..\Modules\APublic\ApmMap\AuOTree.h
  Access is denied.
  ..\..\Modules\APublic\ApmMap\MagPackManager.h
  ..\..\Modules\APublic\ApmMap\MagUnpackManager.h
  Access is denied.
  Access is denied.
          0 file(s) copied.
  ..\..\Modules\APublic\ApmObject\ApdObject.h
  Access is denied.
  ..\..\Modules\APublic\ApmObject\ApmObject.h
  Access is denied.
          0 file(s) copied.
  ..\..\Modules\APublic\ApmOcTree\ApmOcTree.h
  Access is denied.
          0 file(s) copied.
  ..\..\Modules\APublic\ApModule\ApModule.h
  Access is denied.
  ..\..\Modules\APublic\ApModule\ApModuleDBStream.h
  Access is denied.
  ..\..\Modules\APublic\ApModule\ApModuleManager.h
  Access is denied.
  ..\..\Modules\APublic\ApModule\ApModuleStream.h
  Access is denied.
          0 file(s) copied.
  ..\..\Modules\APublic\ApmProfiler\ApmProfiler.h
  Access is denied.
  ..\..\Modules\APublic\ApmProfiler\resource.h
  ..\..\Modules\APublic\ApmProfiler\StdAfx.h
          2 file(s) copied.
  ..\..\Modules\APublic\ApServerMonitor\ApServerMonitor.h
  Access is denied.
  ..\..\Modules\APublic\ApServerMonitor\ApServerMonitorPacket.h
  Access is denied.
          0 file(s) copied.
  ..\..\Modules\APublic\ApSingleton\SingleTon.h
  Access is denied.
          0 file(s) copied.
  ..\..\Modules\AUtility\AuBplusTree\AuBplusTree.h
  Access is denied.
  ..\..\Modules\AUtility\AuBplusTree\BinTree.h
  Access is denied.
  ..\..\Modules\AUtility\AuBplusTree\IntIntTree.h
  Access is denied.
  ..\..\Modules\AUtility\AuBplusTree\StringIntTree.h
  Access is denied.
          0 file(s) copied.
  ..\..\Modules\AUtility\AuConsole\AuConsole.h
  Access is denied.
          0 file(s) copied.
  ..\..\Modules\AUtility\AuCrypt\AuCrypt.h
  Access is denied.
  ..\..\Modules\AUtility\AuCrypt\AuCryptManager.h
  Access is denied.
          0 file(s) copied.
  ..\..\Modules\AUtility\AuCryptAlgorithm\AuCryptAlgorithm.h
  Access is denied.
  ..\..\Modules\AUtility\AuCryptAlgorithm\AuCryptAlgorithmBase.h
  Access is denied.
          0 file(s) copied.
  ..\..\Modules\AUtility\AuDatabase\auDatabase.h
  Access is denied.
  ..\..\Modules\AUtility\AuDatabase\AuDatabaseOCI.h
  Access is denied.
  ..\..\Modules\AUtility\AuDatabase\auDatabaseODBC.h
  Access is denied.
  ..\..\Modules\AUtility\AuDatabase\auDatabaseOLEDB.h
  Access is denied.
          0 file(s) copied.
  ..\..\Modules\AUtility\AuDatabase2\AuDatabase2.h
  Access is denied.
          0 file(s) copied.
  ..\..\Modules\AUtility\AuEtcUtil\MemMappedFile.h
  Access is denied.
  ..\..\Modules\AUtility\AuEtcUtil\StrUtil.h
  Access is denied.
          0 file(s) copied.
  ..\..\Modules\AUtility\AuExcelLib\AuExcel9.h
  Access is denied.
  ..\..\Modules\AUtility\AuExcelLib\AuExcelLib.h
  ..\..\Modules\AUtility\AuExcelLib\StdAfx.h
  Access is denied.
          1 file(s) copied.
  ..\..\Modules\AUtility\AuExcelTxtLib\AuExcelBinaryLib.h
  Access is denied.
  ..\..\Modules\AUtility\AuExcelTxtLib\AuExcelTxtLib.h
  Access is denied.
          0 file(s) copied.
  ..\..\Modules\AUtility\AuFileFind\AuFileFind.h
  Access is denied.
          0 file(s) copied.
  ..\..\Modules\AUtility\AuGameEnv\AuGameEnv.h
  Access is denied.
          0 file(s) copied.
  ..\..\Modules\AUtility\AuGameGuard\AuGameGuard.h
  Access is denied.
  ..\..\Modules\AUtility\AuGameGuard\AuNPGameLib.h
  Access is denied.
          0 file(s) copied.
  ..\..\Modules\AUtility\AuGenerateID\AuGenerateID.h
  Access is denied.
          0 file(s) copied.
  ..\..\Modules\AUtility\AuIgnoringHelper\AuIgnoringHelper.h
  Access is denied.
          0 file(s) copied.
  ..\..\Modules\AUtility\AuIniFile\AuIniFile.h
  Access is denied.
          0 file(s) copied.
  ..\..\Modules\AUtility\AuIniManager\AuIniManager.h
  Access is denied.
          0 file(s) copied.
  ..\..\Modules\AUtility\AuIPBlockingManager\AuIPBlockingManager.h
  Access is denied.
          0 file(s) copied.
  ..\..\Modules\AUtility\AuJapan\AuGameInfoJpn.h
  Access is denied.
  ..\..\Modules\AUtility\AuJapan\AuJapaneseClientAuth.h
  ..\..\Modules\AUtility\AuJapan\HanAuthForClient.h
  Access is denied.
  Access is denied.
  ..\..\Modules\AUtility\AuJapan\HanBillingForSvr.h
  Access is denied.
  ..\..\Modules\AUtility\AuJapan\HanGameInfoForClient.h
  Access is denied.
  ..\..\Modules\AUtility\AuJapan\HanReportForClient.h
  Access is denied.
          0 file(s) copied.
  ..\..\Modules\AUtility\AuKbHook\AuKbHook.h
  Access is denied.
          0 file(s) copied.
  ..\..\Modules\AUtility\AuLocalize\AuRegionNameConvert.h
  Access is denied.
  ..\..\Modules\AUtility\AuLocalize\AuTranslateRegionName.h
  Access is denied.
          0 file(s) copied.
  ..\..\Modules\AUtility\AuLua\AuLua.h
  Access is denied.
          0 file(s) copied.
  ..\..\Modules\AUtility\AuMailClient\AuMailClient.h
  Access is denied.
  ..\..\Modules\AUtility\AuMailClient\Base64.h
  Access is denied.
  ..\..\Modules\AUtility\AuMailClient\resource.h
  ..\..\Modules\AUtility\AuMailClient\Smtp.h
  ..\..\Modules\AUtility\AuMailClient\StdAfx.h
  Access is denied.
          2 file(s) copied.
  ..\..\Modules\AUtility\AuMath\AuMath.h
  Access is denied.
  ..\..\Modules\AUtility\AuMath\AuMathEx.h
  Access is denied.
          0 file(s) copied.
  ..\..\Modules\AUtility\AuMD5EnCrypt\AuMD5Encrypt.h
  Access is denied.
          0 file(s) copied.
  ..\..\Modules\AUtility\AuPacket\AuCircularBuffer.h
  Access is denied.
  ..\..\Modules\AUtility\AuPacket\AuMiniLZO.h
  Access is denied.
  ..\..\Modules\AUtility\AuPacket\AuPacket.h
  Access is denied.
  ..\..\Modules\AUtility\AuPacket\AuType.h
  Access is denied.
  ..\..\Modules\AUtility\AuPacket\lzoconf.h
  Access is denied.
  ..\..\Modules\AUtility\AuPacket\lzodefs.h
  ..\..\Modules\AUtility\AuPacket\minilzo.h
  Access is denied.
  Access is denied.
          0 file(s) copied.
  ..\..\Modules\AUtility\AuPackingManager\AuPackingManager.h
  Access is denied.
          0 file(s) copied.
  ..\..\Modules\AUtility\AuPatchCheckCode\AuPatchCheckCode.h
  Access is denied.
          0 file(s) copied.
  ..\..\Modules\AUtility\AuProcessManager\AuProcessManager.h
  Access is denied.
  ..\..\Modules\AUtility\AuProcessManager\AuSingleProcessChecker.h
  Access is denied.
          0 file(s) copied.
  ..\..\Modules\AUtility\AuProfileManager\AuProfileManager.h
  Access is denied.
          0 file(s) copied.
  ..\..\Modules\AUtility\AuRandomNumberGenerator\AuRandomNumber.h
  Access is denied.
          0 file(s) copied.
  ..\..\Modules\AUtility\AuRegistry\AuRegistry.h
  Access is denied.
          0 file(s) copied.
  ..\..\Modules\AUtility\AuResourceKeeper\AuHistoryDlg.h
  Access is denied.
  ..\..\Modules\AUtility\AuResourceKeeper\AuLoginDlg.h
  Access is denied.
  ..\..\Modules\AUtility\AuResourceKeeper\AuResourceKeeper.h
  Access is denied.
  ..\..\Modules\AUtility\AuResourceKeeper\AuRKMainDlg.h
  ..\..\Modules\AUtility\AuResourceKeeper\AuRKSingleton.h
  Access is denied.
  Access is denied.
  ..\..\Modules\AUtility\AuResourceKeeper\AuRK_API.h
  Access is denied.
  ..\..\Modules\AUtility\AuResourceKeeper\AuSelectDlg.h
  ..\..\Modules\AUtility\AuResourceKeeper\AuUsersDlg.h
  Access is denied.
  ..\..\Modules\AUtility\AuResourceKeeper\FolderDlg.h
  Access is denied.
  Access is denied.
  ..\..\Modules\AUtility\AuResourceKeeper\Md5.h
  Access is denied.
  ..\..\Modules\AUtility\AuResourceKeeper\MenuChecker.h
  Access is denied.
  ..\..\Modules\AUtility\AuResourceKeeper\ProgressBar.h
  Access is denied.
  ..\..\Modules\AUtility\AuResourceKeeper\ProgressDlg.h
  Access is denied.
  ..\..\Modules\AUtility\AuResourceKeeper\resource.h
  ..\..\Modules\AUtility\AuResourceKeeper\RKDefine.h
  ..\..\Modules\AUtility\AuResourceKeeper\RKEntryManager.h
  Access is denied.
  Access is denied.
  ..\..\Modules\AUtility\AuResourceKeeper\RKInclude.h
  Access is denied.
  ..\..\Modules\AUtility\AuResourceKeeper\RKParser.h
  Access is denied.
  ..\..\Modules\AUtility\AuResourceKeeper\RKRepository.h
  Access is denied.
  ..\..\Modules\AUtility\AuResourceKeeper\RKUserManager.h
  Access is denied.
  ..\..\Modules\AUtility\AuResourceKeeper\RKWriter.h
  Access is denied.
  ..\..\Modules\AUtility\AuResourceKeeper\StdAfx.h
          2 file(s) copied.
  ..\..\Modules\AUtility\AuScriptEngine\AuAngelScriptEngine.h
  Access is denied.
  ..\..\Modules\AUtility\AuScriptEngine\AuScriptEngine.h
  Access is denied.
  ..\..\Modules\AUtility\AuScriptEngine\stdstring.h
  Access is denied.
  ..\..\Modules\AUtility\AuScriptEngine\stdvector.h
  Access is denied.
          0 file(s) copied.
  ..\..\Modules\AUtility\AuSendDebugInfo\AuSendDebugInfo.h
  Access is denied.
          0 file(s) copied.
  ..\..\Modules\AUtility\AuService\AuService.h
  Access is denied.
          0 file(s) copied.
  ..\..\Modules\AUtility\AuStringConv\AuStringConv.h
  Access is denied.
          0 file(s) copied.
  ..\..\Modules\AUtility\AuStrTable\AuStrTable.h
  Access is denied.
          0 file(s) copied.
  ..\..\Modules\AUtility\AuThread\AuThread.h
  Access is denied.
          0 file(s) copied.
  ..\..\Modules\AUtility\AuTickCounter\AuTickCounter.h
  Access is denied.
          0 file(s) copied.
  ..\..\Modules\AUtility\AuTimeStamp\AuTimeStamp.h
  Access is denied.
          0 file(s) copied.
  ..\..\Modules\AUtility\AuXCrashReport\CrashFileNames.h
  Access is denied.
  ..\..\Modules\AUtility\AuXCrashReport\dbghelp.h
  Access is denied.
  ..\..\Modules\AUtility\AuXCrashReport\ExceptionHandler.h
  Access is denied.
  ..\..\Modules\AUtility\AuXCrashReport\GetWinVer.h
  Access is denied.
  ..\..\Modules\AUtility\AuXCrashReport\MiniVersion.h
  Access is denied.
  ..\..\Modules\AUtility\AuXCrashReport\StackWalker.h
  Access is denied.
          0 file(s) copied.
  ..\..\Modules\AUtility\AuXmlParser\AuXmlParser.h
  Access is denied.
          0 file(s) copied.
  ..\..\Modules\AUtility\AuCryptAlgorithm\AuBlowFish\AuBlowFish.h
  Access is denied.
          0 file(s) copied.
  ..\..\Modules\AUtility\AuCryptAlgorithm\AuMD5Mac\AuMD5Mac.h
  Access is denied.
          0 file(s) copied.
  ..\..\Modules\AUtility\AuCryptAlgorithm\AuRijnDael\AuRijnDael.h
  Access is denied.
          0 file(s) copied.
  ..\..\Modules\AUtility\AuCryptAlgorithm\AuSeed\AuSeed.h
  Access is denied.
          0 file(s) copied.
  ..\..\Modules\AUtility\AuCryptAlgorithm\AuDynCode\AuDynCode.h
  Access is denied.
          0 file(s) copied.
cl : command line warning D9035: option 'Gm' has been deprecated and will be removed in a future release
  tinyxmlparser.cpp
  tinyxmlerror.cpp
  tinyxml.cpp
  tinystr.cpp
  AuXmlParser.cpp
  StackWalker.cpp
F:\Archlord\ALReborn\alef\Modules\AUtility\AuXCrashReport\StackWalker.cpp(1212,7): warning C4996: 'GetVersionExA': was declared deprecated
F:\Archlord\ALReborn\alef\Modules\AUtility\AuXCrashReport\StackWalker.cpp(1224,20): warning C4996: 'fopen': This function or variable may be unsafe. Consider using fopen_s instead. To disable deprecation, use _CRT_SECURE_NO_WARNINGS. See online help for details.
  MiniVersion.cpp
  automatic link to VERSION.LIB
  GetWinVer.cpp
F:\Archlord\ALReborn\alef\Modules\AUtility\AuXCrashReport\GetWinVer.cpp(72,7): warning C4996: 'GetVersionExA': was declared deprecated
  ExceptionHandler.cpp
  AuTimeStamp.cpp
  AuTickCounter.cpp
  AuStrTable.cpp
F:\Archlord\ALReborn\alef\Modules\AUtility\AuStrTable\AuStrTable.cpp(84,3): warning C4018: '<': signed/unsigned mismatch
F:\Archlord\ALReborn\alef\Modules\AUtility\AuStrTable\AuStrTable.cpp(86,16): warning C4018: '>': signed/unsigned mismatch
  AuStringConv.cpp
  stdstring.cpp
  AuScriptEngine.cpp
  AuAngelScriptEngine.cpp
  AuRandomNumber.cpp
  AuProfileManager.cpp
  AuSingleProcessChecker.cpp
  AuProcessManager.cpp
  Generating Code...
  Compiling...
  AuPatchCheckCode.cpp
  AuPackingManager.cpp
  AuPacket.cpp
  AuMiniLZO.cpp
  AuCircularBuffer.cpp
  AuMD5Encrypt.cpp
F:\Archlord\ALReborn\alef\Modules\AUtility\AuMD5EnCrypt\AuMD5Encrypt.cpp(34,10): warning C4996: 'fopen': This function or variable may be unsafe. Consider using fopen_s instead. To disable deprecation, use _CRT_SECURE_NO_WARNINGS. See online help for details.
  AuMathEx.cpp
  AuMath.cpp
  AuLua.cpp
  AuTranslateRegionName.cpp
  AuRegionNameConver.cpp
  AuJapaneseClientAuth.cpp
  AuGameInfoJpn.cpp
  AuIPBlockingManager.cpp
F:\Archlord\ALReborn\alef\Modules\AUtility\AuIPBlockingManager\AuIPBlockingManager.cpp(181,46): warning C4474: 'printf' : too many arguments passed for format string
F:\Archlord\ALReborn\alef\Modules\AUtility\AuIPBlockingManager\AuIPBlockingManager.cpp(181,46): message : placeholders and their parameters expect 0 variadic arguments, but 2 were provided
F:\Archlord\ALReborn\alef\Modules\AUtility\AuIPBlockingManager\AuIPBlockingManager.cpp(294,46): warning C4474: 'printf' : too many arguments passed for format string
F:\Archlord\ALReborn\alef\Modules\AUtility\AuIPBlockingManager\AuIPBlockingManager.cpp(294,46): message : placeholders and their parameters expect 0 variadic arguments, but 2 were provided
  AuIniManager.cpp
F:\Archlord\ALReborn\alef\Modules\AUtility\AuIniManager\AuIniManager.cpp(1991,44): warning C4477: 'sprintf' : format string '%d' requires an argument of type 'int', but variadic argument 1 has type 'INT64'
F:\Archlord\ALReborn\alef\Modules\AUtility\AuIniManager\AuIniManager.cpp(1991,44): message : consider using '%lld' in the format string
F:\Archlord\ALReborn\alef\Modules\AUtility\AuIniManager\AuIniManager.cpp(1991,44): message : consider using '%I64d' in the format string
  AuIgnoringHelper.cpp
F:\Archlord\ALReborn\alef\Modules\AUtility\AuIgnoringHelper\AuIgnoringHelper.cpp(67,13): warning C4996: 'gethostbyname': Use getaddrinfo() or GetAddrInfoW() instead or define _WINSOCK_DEPRECATED_NO_WARNINGS to disable deprecated API warnings
F:\Archlord\ALReborn\alef\Modules\AUtility\AuIgnoringHelper\AuIgnoringHelper.cpp(76,16): warning C4996: 'inet_ntoa': Use inet_ntop() or InetNtop() instead or define _WINSOCK_DEPRECATED_NO_WARNINGS to disable deprecated API warnings
  AuGenerateID.cpp
  AuNPGameLib.cpp
  augameguard.cpp
  AuGameEnv.cpp
  Generating Code...
  Compiling...
  AuFileFind.cpp
  AuExcelTxtLib.cpp
  AuExcelBinaryLib.cpp
  StrUtil.cpp
F:\Archlord\ALReborn\alef\Modules\AUtility\AuEtcUtil\StrUtil.cpp(13,2): warning C4996: 'wcsncpy': This function or variable may be unsafe. Consider using wcsncpy_s instead. To disable deprecation, use _CRT_SECURE_NO_WARNINGS. See online help for details.
  MemMappedFile.cpp
  AuCryptManager.cpp
  AuCrypt.cpp
  AuSeed.cpp
  AuRijnDael.cpp
  AuMD5Mac.cpp
  AuBlowFish.cpp
  AuConsole.cpp
  ApServerMonitorPacket.cpp
  ApServerMonitor.cpp
  ApModuleStream.cpp
  ApModuleManager.cpp
  ApModule.cpp
  ApMemoryManager.cpp
F:\Archlord\ALReborn\alef\Modules\APublic\ApMemory\ApMemoryManager.cpp(134,49): warning C4474: 'fprintf' : too many arguments passed for format string
F:\Archlord\ALReborn\alef\Modules\APublic\ApMemory\ApMemoryManager.cpp(134,49): message : placeholders and their parameters expect 0 variadic arguments, but 1 were provided
  ApHeap.cpp
F:\Archlord\ALReborn\alef\Modules\APublic\ApMemory\ApHeap.cpp(133,47): warning C4477: 'sprintf_s' : format string '%I64d' requires an argument of type '__int64', but variadic argument 2 has type 'SIZE_T'
F:\Archlord\ALReborn\alef\Modules\APublic\ApMemory\ApHeap.cpp(133,47): message : consider using '%ld' in the format string
F:\Archlord\ALReborn\alef\Modules\APublic\ApMemory\ApHeap.cpp(133,47): warning C4477: 'sprintf_s' : format string '%I64d' requires an argument of type '__int64', but variadic argument 3 has type 'SIZE_T'
F:\Archlord\ALReborn\alef\Modules\APublic\ApMemory\ApHeap.cpp(133,47): message : consider using '%ld' in the format string
F:\Archlord\ALReborn\alef\Modules\APublic\ApMemory\ApHeap.cpp(133,47): warning C4477: 'sprintf_s' : format string '%I64d' requires an argument of type '__int64', but variadic argument 4 has type 'SIZE_T'
F:\Archlord\ALReborn\alef\Modules\APublic\ApMemory\ApHeap.cpp(133,47): message : consider using '%ld' in the format string
  ApMemoryTracker.cpp
  Generating Code...
  Compiling...
  MagDebug.cpp
  CSLog.cpp
  ApRWLock.cpp
  ApMutualEx.cpp
  Service Area Start
  Western
  Service Area End
  ApMemoryChecker.cpp
  ApLockManager.cpp
  ApSet.cpp
  ApAdmin.cpp
  Generating Code...
cl : command line warning D9035: option 'Gm' has been deprecated and will be removed in a future release
  minilzo.c
C:\Program Files\Microsoft Visual Studio\2022\Community\MSBuild\Microsoft\VC\v170\Microsoft.CppBuild.targets(1553,5): warning MSB8012: TargetPath(F:\Archlord\ALReborn\alef\Projects\ApModules\Debug\Win32\ApModules.lib) does not match the Library's OutputFile property value (F:\Archlord\ALReborn\alef\lib\Debug\ApModulesD.lib). This may cause your project to build incorrectly. To correct this, please make sure that $(OutDir), $(TargetName) and $(TargetExt) property values match the value specified in %(Lib.OutputFile).
C:\Program Files\Microsoft Visual Studio\2022\Community\MSBuild\Microsoft\VC\v170\Microsoft.CppBuild.targets(1555,5): warning MSB8012: TargetName(ApModules) does not match the Library's OutputFile property value (ApModulesD). This may cause your project to build incorrectly. To correct this, please make sure that $(OutDir), $(TargetName) and $(TargetExt) property values match the value specified in %(Lib.OutputFile).
  ApModules.vcxproj -> F:\Archlord\ALReborn\alef\Projects\ApModules\Debug\Win32\ApModules.lib
